<?xml version="1.0" encoding="utf-8"?>
<robot generated="20240716 08:12:28.777" generator="Rebot 6.0.2 (Python 3.12.1 on win32)" rpa="false" schemaversion="3">
 <suite id="s1" name="Tests" source="C:\Anugal_Testing\Anugal\Tests">
  <kw name="Setup highest level suite" type="SETUP">
   <kw library="BuiltIn" name="Set Variable">
    <var>
     ${d.test_server}
    </var>
    <arg>
     ${test_server}
    </arg>
    <doc>
     Returns the given values which can then be assigned to a variables.
    </doc>
    <msg level="INFO" timestamp="20240716 08:11:02.109">
     ${d.test_server} = Dev
    </msg>
    <status endtime="20240716 08:11:02.109" starttime="20240716 08:11:02.109" status="PASS"/>
   </kw>
   <kw library="Support" name="Reset screenshot count variable">
    <kw library="BuiltIn" name="Set Variable">
     <var>
      ${screenshotCount}
     </var>
     <arg>
      ${PABOTQUEUEINDEX}_1
     </arg>
     <doc>
      Returns the given values which can then be assigned to a variables.
     </doc>
     <msg level="INFO" timestamp="20240716 08:11:02.110">
      ${screenshotCount} = 0_1
     </msg>
     <status endtime="20240716 08:11:02.110" starttime="20240716 08:11:02.109" status="PASS"/>
    </kw>
    <kw library="BuiltIn" name="Set Global Variable">
     <arg>
      ${screenshotCount}
     </arg>
     <doc>
      Makes a variable available globally in all tests and suites.
     </doc>
     <msg level="INFO" timestamp="20240716 08:11:02.110">
      ${screenshotCount} = 0_1
     </msg>
     <status endtime="20240716 08:11:02.110" starttime="20240716 08:11:02.110" status="PASS"/>
    </kw>
    <kw library="Support" name="Set up screenshot directory">
     <kw library="OperatingSystem" name="Create Directory">
      <arg>
       ${OUTPUTDIR}${/}${wvar('screenshot_dir')}
      </arg>
      <doc>
       Creates the specified directory.
      </doc>
      <msg level="INFO" timestamp="20240716 08:11:02.111">
       Web.Dev.screenshot_dir: Screenshot
      </msg>
      <msg html="true" level="INFO" timestamp="20240716 08:11:02.118">
       Created directory '&lt;a href="file://C:\Anugal_Testing\Anugal\Output\966b7f75-d405-4e7b-9c8b-5e382cd62412\pabot_results\0\Screenshot"&gt;C:\Anugal_Testing\Anugal\Output\966b7f75-d405-4e7b-9c8b-5e382cd62412\pabot_results\0\Screenshot&lt;/a&gt;'.
      </msg>
      <status endtime="20240716 08:11:02.118" starttime="20240716 08:11:02.111" status="PASS"/>
     </kw>
     <status endtime="20240716 08:11:02.118" starttime="20240716 08:11:02.110" status="PASS"/>
    </kw>
    <status endtime="20240716 08:11:02.118" starttime="20240716 08:11:02.109" status="PASS"/>
   </kw>
   <kw library="BuiltIn" name="Set Global Variable">
    <arg>
     ${screenshot_taking}
    </arg>
    <arg>
     ${True}
    </arg>
    <doc>
     Makes a variable available globally in all tests and suites.
    </doc>
    <msg level="INFO" timestamp="20240716 08:11:02.119">
     ${screenshot_taking} = True
    </msg>
    <status endtime="20240716 08:11:02.119" starttime="20240716 08:11:02.119" status="PASS"/>
   </kw>
   <kw library="Support" name="Setup linux execution">
    <kw library="BuiltIn" name="Run Keyword And Return Status">
     <var>
      ${web_test_check}
     </var>
     <arg>
      Variable Should Exist
     </arg>
     <arg>
      ${web_test}
     </arg>
     <doc>
      Runs the given keyword with given arguments and returns the status as a Boolean value.
     </doc>
     <kw library="BuiltIn" name="Variable Should Exist">
      <arg>
       ${web_test}
      </arg>
      <doc>
       Fails unless the given variable exists within the current scope.
      </doc>
      <status endtime="20240716 08:11:02.120" starttime="20240716 08:11:02.120" status="PASS"/>
     </kw>
     <msg level="INFO" timestamp="20240716 08:11:02.120">
      ${web_test_check} = True
     </msg>
     <status endtime="20240716 08:11:02.120" starttime="20240716 08:11:02.120" status="PASS"/>
    </kw>
    <kw library="BuiltIn" name="Run Keyword If">
     <arg>
      ${web_test_check}
     </arg>
     <arg>
      Setup Docker Execution Options
     </arg>
     <doc>
      Runs the given keyword with the given arguments, if ``condition`` is true.
     </doc>
     <kw library="Support_Web" name="Setup Docker Execution Options">
      <kw library="Support_Web" name="Setup Suite Metadata">
       <arg>
        ${browser}
       </arg>
       <kw library="BrowserSupport" name="Get Browser Metadata">
        <var>
         &amp;{browser_information}
        </var>
        <arg>
         browser=${browser}
        </arg>
        <doc>
         Fetches browser metadata information
:param browser: Name of the browser for which information is fetched
:param reload: Re-read the metadata based on the browser
:return: Browser metadata information, dict of format
            {"browser_version": browser version value,
             "driver_version": driver version value}
        </doc>
        <msg level="INFO" timestamp="20240716 08:11:05.206">
         &amp;{browser_information} = { browser_version=126.0.6478.127 | driver_version=126.0.6478.62  }
        </msg>
        <status endtime="20240716 08:11:05.206" starttime="20240716 08:11:02.121" status="PASS"/>
       </kw>
       <kw library="BuiltIn" name="Set Suite Metadata">
        <arg>
         test_browser_name
        </arg>
        <arg>
         ${browser}
        </arg>
        <doc>
         Sets metadata for the current test suite.
        </doc>
        <msg level="INFO" timestamp="20240716 08:11:05.206">
         Set suite metadata 'test_browser_name' to value 'chrome'.
        </msg>
        <status endtime="20240716 08:11:05.206" starttime="20240716 08:11:05.206" status="PASS"/>
       </kw>
       <kw library="BuiltIn" name="Set Suite Metadata">
        <arg>
         test_browser_version
        </arg>
        <arg>
         ${browser_information.browser_version}
        </arg>
        <doc>
         Sets metadata for the current test suite.
        </doc>
        <msg level="INFO" timestamp="20240716 08:11:05.206">
         Set suite metadata 'test_browser_version' to value '126.0.6478.127'.
        </msg>
        <status endtime="20240716 08:11:05.206" starttime="20240716 08:11:05.206" status="PASS"/>
       </kw>
       <kw library="BuiltIn" name="Set Suite Metadata">
        <arg>
         test_driver_version
        </arg>
        <arg>
         ${browser_information.driver_version}
        </arg>
        <doc>
         Sets metadata for the current test suite.
        </doc>
        <msg level="INFO" timestamp="20240716 08:11:05.206">
         Set suite metadata 'test_driver_version' to value '126.0.6478.62 '.
        </msg>
        <status endtime="20240716 08:11:05.206" starttime="20240716 08:11:05.206" status="PASS"/>
       </kw>
       <status endtime="20240716 08:11:05.206" starttime="20240716 08:11:02.121" status="PASS"/>
      </kw>
      <kw library="Support_Web" name="Setup Global Docker Execution Options">
       <kw library="BuiltIn" name="Set Global Variable">
        <arg>
         ${global_browser_options}
        </arg>
        <arg>
         None
        </arg>
        <doc>
         Makes a variable available globally in all tests and suites.
        </doc>
        <msg level="INFO" timestamp="20240716 08:11:05.206">
         ${global_browser_options} = None
        </msg>
        <status endtime="20240716 08:11:05.206" starttime="20240716 08:11:05.206" status="PASS"/>
       </kw>
       <kw library="OperatingSystem" name="Get Environment Variable">
        <var>
         ${docker_check}
        </var>
        <arg>
         EXECUTION_ENVIRONMENT
        </arg>
        <arg>
         not_found
        </arg>
        <doc>
         Returns the value of an environment variable with the given name.
        </doc>
        <msg level="INFO" timestamp="20240716 08:11:05.206">
         ${docker_check} = not_found
        </msg>
        <status endtime="20240716 08:11:05.206" starttime="20240716 08:11:05.206" status="PASS"/>
       </kw>
       <kw library="BuiltIn" name="Run Keyword And Return If">
        <arg>
         "${docker_check}"!="docker"
        </arg>
        <arg>
         Log
        </arg>
        <arg>
         Not executing on Docker
        </arg>
        <doc>
         Runs the specified keyword and returns from the enclosing user keyword.
        </doc>
        <kw library="BuiltIn" name="Log">
         <arg>
          Not executing on Docker
         </arg>
         <doc>
          Logs the given message with the given level.
         </doc>
         <msg level="INFO" timestamp="20240716 08:11:05.212">
          Not executing on Docker
         </msg>
         <status endtime="20240716 08:11:05.212" starttime="20240716 08:11:05.212" status="PASS"/>
        </kw>
        <msg level="INFO" timestamp="20240716 08:11:05.212">
         Returning from the enclosing user keyword.
        </msg>
        <status endtime="20240716 08:11:05.212" starttime="20240716 08:11:05.206" status="PASS"/>
       </kw>
       <kw library="BuiltIn" name="Create List">
        <var>
         @{options}
        </var>
        <arg>
         --headless
        </arg>
        <arg>
         --no-sandbox
        </arg>
        <arg>
         --disable-dev-shm-usage
        </arg>
        <doc>
         Returns a list containing given items.
        </doc>
        <status endtime="20240716 08:11:05.212" starttime="20240716 08:11:05.212" status="NOT RUN"/>
       </kw>
       <kw library="BuiltIn" name="Set Global Variable">
        <arg>
         @{docker_options}
        </arg>
        <arg>
         @{options}
        </arg>
        <doc>
         Makes a variable available globally in all tests and suites.
        </doc>
        <status endtime="20240716 08:11:05.212" starttime="20240716 08:11:05.212" status="NOT RUN"/>
       </kw>
       <status endtime="20240716 08:11:05.212" starttime="20240716 08:11:05.206" status="PASS"/>
      </kw>
      <kw library="Support_Web" name="Create Webdriver for chrome preferences">
       <kw library="Support_Web" name="Update Docker Execution Options">
        <var>
         ${list_prefs}
        </var>
        <arg>
         ${list_prefs}
        </arg>
        <kw library="BuiltIn" name="Run Keyword And Return Status">
         <var>
          ${docker_check}
         </var>
         <arg>
          Variable Should Exist
         </arg>
         <arg>
          ${docker_options}
         </arg>
         <doc>
          Runs the given keyword with given arguments and returns the status as a Boolean value.
         </doc>
         <kw library="BuiltIn" name="Variable Should Exist">
          <arg>
           ${docker_options}
          </arg>
          <doc>
           Fails unless the given variable exists within the current scope.
          </doc>
          <msg level="FAIL" timestamp="20240716 08:11:05.213">
           Variable '${docker_options}' does not exist.
          </msg>
          <status endtime="20240716 08:11:05.213" starttime="20240716 08:11:05.213" status="FAIL"/>
         </kw>
         <msg level="INFO" timestamp="20240716 08:11:05.213">
          ${docker_check} = False
         </msg>
         <status endtime="20240716 08:11:05.213" starttime="20240716 08:11:05.213" status="PASS"/>
        </kw>
        <kw library="BuiltIn" name="Get Length">
         <var>
          ${list_prefs_length}
         </var>
         <arg>
          ${list_prefs}
         </arg>
         <doc>
          Returns and logs the length of the given item as an integer.
         </doc>
         <msg level="INFO" timestamp="20240716 08:11:05.213">
          Length is 1
         </msg>
         <msg level="INFO" timestamp="20240716 08:11:05.213">
          ${list_prefs_length} = 1
         </msg>
         <status endtime="20240716 08:11:05.213" starttime="20240716 08:11:05.213" status="PASS"/>
        </kw>
        <kw library="BuiltIn" name="Run Keyword If">
         <var>
          ${list_prefs}
         </var>
         <arg>
          ${docker_check} and ${list_prefs_length}&gt;0 and ${list_prefs}[0] != []
         </arg>
         <arg>
          Combine Lists
         </arg>
         <arg>
          ${list_prefs}
         </arg>
         <arg>
          ${docker_options}
         </arg>
         <arg>
          ELSE IF
         </arg>
         <arg>
          ${docker_check}
         </arg>
         <arg>
          Set Variable
         </arg>
         <arg>
          ${docker_options}
         </arg>
         <arg>
          ELSE
         </arg>
         <arg>
          Set Variable
         </arg>
         <arg>
          ${list_prefs}
         </arg>
         <doc>
          Runs the given keyword with the given arguments, if ``condition`` is true.
         </doc>
         <kw library="BuiltIn" name="Set Variable">
          <arg>
           ${list_prefs}
          </arg>
          <doc>
           Returns the given values which can then be assigned to a variables.
          </doc>
          <status endtime="20240716 08:11:05.213" starttime="20240716 08:11:05.213" status="PASS"/>
         </kw>
         <msg level="INFO" timestamp="20240716 08:11:05.213">
          ${list_prefs} = [[]]
         </msg>
         <status endtime="20240716 08:11:05.213" starttime="20240716 08:11:05.213" status="PASS"/>
        </kw>
        <msg level="INFO" timestamp="20240716 08:11:05.213">
         ${list_prefs} = [[]]
        </msg>
        <status endtime="20240716 08:11:05.213" starttime="20240716 08:11:05.213" status="PASS"/>
       </kw>
       <kw library="Support_Web" name="Create Chrome Options for download preferences">
        <var>
         ${chrome_options}
        </var>
        <kw library="BuiltIn" name="Evaluate">
         <var>
          ${chrome_options}
         </var>
         <arg>
          sys.modules['selenium.webdriver'].ChromeOptions()
         </arg>
         <arg>
          sys
         </arg>
         <doc>
          Evaluates the given expression in Python and returns the result.
         </doc>
         <msg level="INFO" timestamp="20240716 08:11:05.213">
          ${chrome_options} = &lt;selenium.webdriver.chrome.options.Options object at 0x0000020D62F16690&gt;
         </msg>
         <status endtime="20240716 08:11:05.213" starttime="20240716 08:11:05.213" status="PASS"/>
        </kw>
        <msg level="INFO" timestamp="20240716 08:11:05.213">
         ${chrome_options} = &lt;selenium.webdriver.chrome.options.Options object at 0x0000020D62F16690&gt;
        </msg>
        <status endtime="20240716 08:11:05.213" starttime="20240716 08:11:05.213" status="PASS"/>
       </kw>
       <kw library="Support_Web" name="Update Preferences List">
        <arg>
         ${chrome_options}
        </arg>
        <arg>
         @{list_prefs}
        </arg>
        <kw library="BuiltIn" name="Convert To String">
         <var>
          ${string_prefs}
         </var>
         <arg>
          ${list_prefs}
         </arg>
         <doc>
          Converts the given item to a Unicode string.
         </doc>
         <msg level="INFO" timestamp="20240716 08:11:05.213">
          ${string_prefs} = [[]]
         </msg>
         <status endtime="20240716 08:11:05.213" starttime="20240716 08:11:05.213" status="PASS"/>
        </kw>
        <kw library="BuiltIn" name="Return From Keyword If">
         <arg>
          ${string_prefs} == [[]]
         </arg>
         <doc>
          Returns from the enclosing user keyword if ``condition`` is true.
         </doc>
         <msg level="INFO" timestamp="20240716 08:11:05.213">
          Returning from the enclosing user keyword.
         </msg>
         <status endtime="20240716 08:11:05.213" starttime="20240716 08:11:05.213" status="PASS"/>
        </kw>
        <for flavor="IN">
         <var>
          ${preference}
         </var>
         <value>
          @{list_prefs}
         </value>
         <iter>
          <var name="${preference}"/>
          <kw library="BuiltIn" name="Call Method">
           <arg>
            ${chrome_options}
           </arg>
           <arg>
            add_argument
           </arg>
           <arg>
            ${preference}
           </arg>
           <doc>
            Calls the named method of the given object with the provided arguments.
           </doc>
           <status endtime="20240716 08:11:05.213" starttime="20240716 08:11:05.213" status="NOT RUN"/>
          </kw>
          <status endtime="20240716 08:11:05.213" starttime="20240716 08:11:05.213" status="NOT RUN"/>
         </iter>
         <status endtime="20240716 08:11:05.213" starttime="20240716 08:11:05.213" status="NOT RUN"/>
        </for>
        <status endtime="20240716 08:11:05.213" starttime="20240716 08:11:05.213" status="PASS"/>
       </kw>
       <kw library="BuiltIn" name="Call Method">
        <arg>
         ${chrome_options}
        </arg>
        <arg>
         add_experimental_option
        </arg>
        <arg>
         prefs
        </arg>
        <arg>
         ${kw_prefs}
        </arg>
        <doc>
         Calls the named method of the given object with the provided arguments.
        </doc>
        <status endtime="20240716 08:11:05.213" starttime="20240716 08:11:05.213" status="PASS"/>
       </kw>
       <kw library="BuiltIn" name="Set Global Variable">
        <arg>
         ${global_browser_options}
        </arg>
        <arg>
         ${chrome options}
        </arg>
        <doc>
         Makes a variable available globally in all tests and suites.
        </doc>
        <msg level="INFO" timestamp="20240716 08:11:05.213">
         ${global_browser_options} = &lt;selenium.webdriver.chrome.options.Options object at 0x0000020D62F16690&gt;
        </msg>
        <status endtime="20240716 08:11:05.213" starttime="20240716 08:11:05.213" status="PASS"/>
       </kw>
       <status endtime="20240716 08:11:05.213" starttime="20240716 08:11:05.212" status="PASS"/>
      </kw>
      <status endtime="20240716 08:11:05.213" starttime="20240716 08:11:02.121" status="PASS"/>
     </kw>
     <status endtime="20240716 08:11:05.213" starttime="20240716 08:11:02.120" status="PASS"/>
    </kw>
    <status endtime="20240716 08:11:05.213" starttime="20240716 08:11:02.119" status="PASS"/>
   </kw>
   <kw library="BuiltIn" name="Set Suite Metadata">
    <arg>
     environment
    </arg>
    <arg>
     ${test_server}
    </arg>
    <doc>
     Sets metadata for the current test suite.
    </doc>
    <msg level="INFO" timestamp="20240716 08:11:05.213">
     Set suite metadata 'environment' to value 'Dev'.
    </msg>
    <status endtime="20240716 08:11:05.213" starttime="20240716 08:11:05.213" status="PASS"/>
   </kw>
   <status endtime="20240716 08:11:05.213" starttime="20240716 08:11:02.108" status="PASS"/>
  </kw>
  <suite id="s1-s1" name="Test Role configuration" source="C:\Anugal_Testing\Anugal\Tests\Test_Role_configuration.robot">
   <test id="s1-s1-t1" line="6" name="Start TestCase">
    <kw library="Role_configuration" name="Start TestCase">
     <kw library="BuiltIn" name="Log">
      <arg>
       Opening browser
      </arg>
      <doc>
       Logs the given message with the given level.
      </doc>
      <msg level="INFO" timestamp="20240716 08:11:05.229">
       Opening browser
      </msg>
      <status endtime="20240716 08:11:05.229" starttime="20240716 08:11:05.229" status="PASS"/>
     </kw>
     <kw library="SeleniumLibrary" name="Open Browser">
      <arg>
       ${angvar('url')}
      </arg>
      <arg>
       ${angvar('browser')}
      </arg>
      <doc>
       Opens a new browser instance to the optional ``url``.
      </doc>
      <msg level="INFO" timestamp="20240716 08:11:05.229">
       Ang.Dev.url: https://dev.anugalid.com/login
      </msg>
      <msg level="INFO" timestamp="20240716 08:11:05.229">
       Ang.Dev.browser: Chrome
      </msg>
      <msg level="INFO" timestamp="20240716 08:11:05.229">
       Opening browser 'Chrome' to base url 'https://dev.anugalid.com/login'.
      </msg>
      <status endtime="20240716 08:11:07.175" starttime="20240716 08:11:05.229" status="PASS"/>
     </kw>
     <status endtime="20240716 08:11:07.175" starttime="20240716 08:11:05.229" status="PASS"/>
    </kw>
    <tag>
     role_configuration1
    </tag>
    <status endtime="20240716 08:11:07.176" starttime="20240716 08:11:05.229" status="PASS"/>
   </test>
   <test id="s1-s1-t2" line="9" name="Submit Anugal username and password">
    <kw library="Role_configuration" name="Submit Anugal username and password">
     <kw library="SeleniumLibrary" name="Wait Until Element Is Visible">
      <arg>
       ${angvar('user_text_box')}
      </arg>
      <doc>
       Waits until the element ``locator`` is visible.
      </doc>
      <msg level="INFO" timestamp="20240716 08:11:07.186">
       Ang.Dev.user_text_box: id:emailId
      </msg>
      <status endtime="20240716 08:11:07.442" starttime="20240716 08:11:07.185" status="PASS"/>
     </kw>
     <kw library="BuiltIn" name="Sleep">
      <arg>
       10
      </arg>
      <doc>
       Pauses the test executed for the given time.
      </doc>
      <msg level="INFO" timestamp="20240716 08:11:17.442">
       Slept 10 seconds
      </msg>
      <status endtime="20240716 08:11:17.442" starttime="20240716 08:11:07.442" status="PASS"/>
     </kw>
     <kw library="SeleniumLibrary" name="Click Element">
      <arg>
       xpath:(//div[@class='MuiStack-root css-1ed5314']//button)[2]
      </arg>
      <doc>
       Click the element identified by ``locator``.
      </doc>
      <msg level="INFO" timestamp="20240716 08:11:17.443">
       Clicking element 'xpath:(//div[@class='MuiStack-root css-1ed5314']//button)[2]'.
      </msg>
      <status endtime="20240716 08:11:17.513" starttime="20240716 08:11:17.442" status="PASS"/>
     </kw>
     <kw library="BuiltIn" name="Sleep">
      <arg>
       5
      </arg>
      <doc>
       Pauses the test executed for the given time.
      </doc>
      <msg level="INFO" timestamp="20240716 08:11:22.515">
       Slept 5 seconds
      </msg>
      <status endtime="20240716 08:11:22.515" starttime="20240716 08:11:17.514" status="PASS"/>
     </kw>
     <kw library="SeleniumLibrary" name="Input Text">
      <arg>
       xpath://*[@id="i0116"]
      </arg>
      <arg>
       malayranjan.s@basiscloudsolutions.com
      </arg>
      <doc>
       Types the given ``text`` into the text field identified by ``locator``.
      </doc>
      <msg level="INFO" timestamp="20240716 08:11:22.515">
       Typing text 'malayranjan.s@basiscloudsolutions.com' into text field 'xpath://*[@id="i0116"]'.
      </msg>
      <status endtime="20240716 08:11:22.640" starttime="20240716 08:11:22.515" status="PASS"/>
     </kw>
     <kw library="BuiltIn" name="Sleep">
      <arg>
       3
      </arg>
      <doc>
       Pauses the test executed for the given time.
      </doc>
      <msg level="INFO" timestamp="20240716 08:11:25.640">
       Slept 3 seconds
      </msg>
      <status endtime="20240716 08:11:25.640" starttime="20240716 08:11:22.640" status="PASS"/>
     </kw>
     <kw library="SeleniumLibrary" name="Click Element">
      <arg>
       xpath://*[@id="idSIButton9"]
      </arg>
      <doc>
       Click the element identified by ``locator``.
      </doc>
      <msg level="INFO" timestamp="20240716 08:11:25.640">
       Clicking element 'xpath://*[@id="idSIButton9"]'.
      </msg>
      <status endtime="20240716 08:11:25.691" starttime="20240716 08:11:25.640" status="PASS"/>
     </kw>
     <kw library="SeleniumLibrary" name="Wait Until Element Is Visible">
      <arg>
       xpath://*[@id="i0118"]
      </arg>
      <arg>
       60s
      </arg>
      <doc>
       Waits until the element ``locator`` is visible.
      </doc>
      <status endtime="20240716 08:11:26.593" starttime="20240716 08:11:25.691" status="PASS"/>
     </kw>
     <kw library="SeleniumLibrary" name="Input Text">
      <arg>
       xpath://*[@id="i0118"]
      </arg>
      <arg>
       Malay@Ranjan!@#
      </arg>
      <doc>
       Types the given ``text`` into the text field identified by ``locator``.
      </doc>
      <msg level="INFO" timestamp="20240716 08:11:26.594">
       Typing text 'Malay@Ranjan!@#' into text field 'xpath://*[@id="i0118"]'.
      </msg>
      <status endtime="20240716 08:11:26.657" starttime="20240716 08:11:26.593" status="PASS"/>
     </kw>
     <kw library="SeleniumLibrary" name="Click Element">
      <arg>
       xpath://*[@id="idSIButton9"]
      </arg>
      <doc>
       Click the element identified by ``locator``.
      </doc>
      <msg level="INFO" timestamp="20240716 08:11:26.658">
       Clicking element 'xpath://*[@id="idSIButton9"]'.
      </msg>
      <status endtime="20240716 08:11:27.540" starttime="20240716 08:11:26.658" status="PASS"/>
     </kw>
     <kw library="BuiltIn" name="Sleep">
      <arg>
       2
      </arg>
      <doc>
       Pauses the test executed for the given time.
      </doc>
      <msg level="INFO" timestamp="20240716 08:11:29.540">
       Slept 2 seconds
      </msg>
      <status endtime="20240716 08:11:29.540" starttime="20240716 08:11:27.540" status="PASS"/>
     </kw>
     <kw library="SeleniumLibrary" name="Click Element">
      <arg>
       xpath://*[@id="idBtn_Back"]
      </arg>
      <doc>
       Click the element identified by ``locator``.
      </doc>
      <msg level="INFO" timestamp="20240716 08:11:29.541">
       Clicking element 'xpath://*[@id="idBtn_Back"]'.
      </msg>
      <status endtime="20240716 08:11:31.125" starttime="20240716 08:11:29.540" status="PASS"/>
     </kw>
     <kw library="BuiltIn" name="Sleep">
      <arg>
       5
      </arg>
      <doc>
       Pauses the test executed for the given time.
      </doc>
      <msg level="INFO" timestamp="20240716 08:11:36.125">
       Slept 5 seconds
      </msg>
      <status endtime="20240716 08:11:36.125" starttime="20240716 08:11:31.125" status="PASS"/>
     </kw>
     <kw library="SeleniumLibrary" name="Maximize Browser Window">
      <doc>
       Maximizes current browser window.
      </doc>
      <status endtime="20240716 08:11:36.161" starttime="20240716 08:11:36.125" status="PASS"/>
     </kw>
     <kw library="BuiltIn" name="Sleep">
      <arg>
       20
      </arg>
      <doc>
       Pauses the test executed for the given time.
      </doc>
      <msg level="INFO" timestamp="20240716 08:11:56.163">
       Slept 20 seconds
      </msg>
      <status endtime="20240716 08:11:56.163" starttime="20240716 08:11:36.162" status="PASS"/>
     </kw>
     <status endtime="20240716 08:11:56.163" starttime="20240716 08:11:07.184" status="PASS"/>
    </kw>
    <tag>
     role_configuration1
    </tag>
    <status endtime="20240716 08:11:56.163" starttime="20240716 08:11:07.177" status="PASS"/>
   </test>
   <test id="s1-s1-t3" line="12" name="Role_configuartion">
    <kw library="Role_configuration" name="Role_configuartion">
     <kw library="SeleniumLibrary" name="Click Element">
      <arg>
       xpath://span[text()='Admin']
      </arg>
      <doc>
       Click the element identified by ``locator``.
      </doc>
      <msg level="INFO" timestamp="20240716 08:11:56.164">
       Clicking element 'xpath://span[text()='Admin']'.
      </msg>
      <status endtime="20240716 08:11:56.278" starttime="20240716 08:11:56.164" status="PASS"/>
     </kw>
     <kw library="BuiltIn" name="Sleep">
      <arg>
       5
      </arg>
      <doc>
       Pauses the test executed for the given time.
      </doc>
      <msg level="INFO" timestamp="20240716 08:12:01.278">
       Slept 5 seconds
      </msg>
      <status endtime="20240716 08:12:01.278" starttime="20240716 08:11:56.278" status="PASS"/>
     </kw>
     <kw library="SeleniumLibrary" name="Click Element">
      <arg>
       xpath://div[text()='Role Configuration']
      </arg>
      <doc>
       Click the element identified by ``locator``.
      </doc>
      <msg level="INFO" timestamp="20240716 08:12:01.278">
       Clicking element 'xpath://div[text()='Role Configuration']'.
      </msg>
      <status endtime="20240716 08:12:01.413" starttime="20240716 08:12:01.278" status="PASS"/>
     </kw>
     <kw library="BuiltIn" name="Sleep">
      <arg>
       5
      </arg>
      <doc>
       Pauses the test executed for the given time.
      </doc>
      <msg level="INFO" timestamp="20240716 08:12:06.414">
       Slept 5 seconds
      </msg>
      <status endtime="20240716 08:12:06.414" starttime="20240716 08:12:01.414" status="PASS"/>
     </kw>
     <kw library="SeleniumLibrary" name="Click Element">
      <arg>
       xpath://button[text()='Create New Role']
      </arg>
      <doc>
       Click the element identified by ``locator``.
      </doc>
      <msg level="INFO" timestamp="20240716 08:12:06.414">
       Clicking element 'xpath://button[text()='Create New Role']'.
      </msg>
      <status endtime="20240716 08:12:06.654" starttime="20240716 08:12:06.414" status="PASS"/>
     </kw>
     <kw library="BuiltIn" name="Sleep">
      <arg>
       2
      </arg>
      <doc>
       Pauses the test executed for the given time.
      </doc>
      <msg level="INFO" timestamp="20240716 08:12:08.664">
       Slept 2 seconds
      </msg>
      <status endtime="20240716 08:12:08.664" starttime="20240716 08:12:06.654" status="PASS"/>
     </kw>
     <kw library="SeleniumLibrary" name="Input Text">
      <arg>
       id:roleConfigName
      </arg>
      <arg>
       Anugal@123
      </arg>
      <doc>
       Types the given ``text`` into the text field identified by ``locator``.
      </doc>
      <msg level="INFO" timestamp="20240716 08:12:08.665">
       Typing text 'Anugal@123' into text field 'id:roleConfigName'.
      </msg>
      <status endtime="20240716 08:12:09.605" starttime="20240716 08:12:08.664" status="PASS"/>
     </kw>
     <kw library="BuiltIn" name="Sleep">
      <arg>
       1
      </arg>
      <doc>
       Pauses the test executed for the given time.
      </doc>
      <msg level="INFO" timestamp="20240716 08:12:10.606">
       Slept 1 second
      </msg>
      <status endtime="20240716 08:12:10.606" starttime="20240716 08:12:09.606" status="PASS"/>
     </kw>
     <kw library="SeleniumLibrary" name="Input Text">
      <arg>
       id:roleConfigDescription
      </arg>
      <arg>
       Anugal@test
      </arg>
      <doc>
       Types the given ``text`` into the text field identified by ``locator``.
      </doc>
      <msg level="INFO" timestamp="20240716 08:12:10.607">
       Typing text 'Anugal@test' into text field 'id:roleConfigDescription'.
      </msg>
      <status endtime="20240716 08:12:11.481" starttime="20240716 08:12:10.606" status="PASS"/>
     </kw>
     <kw library="BuiltIn" name="Sleep">
      <arg>
       1
      </arg>
      <doc>
       Pauses the test executed for the given time.
      </doc>
      <msg level="INFO" timestamp="20240716 08:12:12.482">
       Slept 1 second
      </msg>
      <status endtime="20240716 08:12:12.482" starttime="20240716 08:12:11.481" status="PASS"/>
     </kw>
     <kw library="SeleniumLibrary" name="Click Element">
      <arg>
       name:User Administration
      </arg>
      <doc>
       Click the element identified by ``locator``.
      </doc>
      <msg level="INFO" timestamp="20240716 08:12:12.482">
       Clicking element 'name:User Administration'.
      </msg>
      <status endtime="20240716 08:12:12.610" starttime="20240716 08:12:12.482" status="PASS"/>
     </kw>
     <kw library="BuiltIn" name="Sleep">
      <arg>
       2
      </arg>
      <doc>
       Pauses the test executed for the given time.
      </doc>
      <msg level="INFO" timestamp="20240716 08:12:14.611">
       Slept 2 seconds
      </msg>
      <status endtime="20240716 08:12:14.611" starttime="20240716 08:12:12.611" status="PASS"/>
     </kw>
     <kw library="SeleniumLibrary" name="Execute Javascript">
      <arg>
       window.scrollTo(0,400)
      </arg>
      <doc>
       Executes the given JavaScript code with possible arguments.
      </doc>
      <msg level="INFO" timestamp="20240716 08:12:14.612">
       Executing JavaScript:
window.scrollTo(0,400)
Without any arguments.
      </msg>
      <status endtime="20240716 08:12:14.625" starttime="20240716 08:12:14.611" status="PASS"/>
     </kw>
     <kw library="BuiltIn" name="Sleep">
      <arg>
       2
      </arg>
      <doc>
       Pauses the test executed for the given time.
      </doc>
      <msg level="INFO" timestamp="20240716 08:12:16.626">
       Slept 2 seconds
      </msg>
      <status endtime="20240716 08:12:16.626" starttime="20240716 08:12:14.626" status="PASS"/>
     </kw>
     <kw library="SeleniumLibrary" name="Click Element">
      <arg>
       name:My Access
      </arg>
      <doc>
       Click the element identified by ``locator``.
      </doc>
      <msg level="INFO" timestamp="20240716 08:12:16.626">
       Clicking element 'name:My Access'.
      </msg>
      <status endtime="20240716 08:12:16.746" starttime="20240716 08:12:16.626" status="PASS"/>
     </kw>
     <kw library="BuiltIn" name="Sleep">
      <arg>
       2
      </arg>
      <doc>
       Pauses the test executed for the given time.
      </doc>
      <msg level="INFO" timestamp="20240716 08:12:18.746">
       Slept 2 seconds
      </msg>
      <status endtime="20240716 08:12:18.746" starttime="20240716 08:12:16.746" status="PASS"/>
     </kw>
     <kw library="SeleniumLibrary" name="Click Element">
      <arg>
       name:Status
      </arg>
      <doc>
       Click the element identified by ``locator``.
      </doc>
      <msg level="INFO" timestamp="20240716 08:12:18.746">
       Clicking element 'name:Status'.
      </msg>
      <status endtime="20240716 08:12:18.873" starttime="20240716 08:12:18.746" status="PASS"/>
     </kw>
     <kw library="BuiltIn" name="Sleep">
      <arg>
       2
      </arg>
      <doc>
       Pauses the test executed for the given time.
      </doc>
      <msg level="INFO" timestamp="20240716 08:12:20.875">
       Slept 2 seconds
      </msg>
      <status endtime="20240716 08:12:20.875" starttime="20240716 08:12:18.873" status="PASS"/>
     </kw>
     <kw library="SeleniumLibrary" name="Click Element">
      <arg>
       xpath://button[text()='Next']
      </arg>
      <doc>
       Click the element identified by ``locator``.
      </doc>
      <msg level="INFO" timestamp="20240716 08:12:20.875">
       Clicking element 'xpath://button[text()='Next']'.
      </msg>
      <kw library="SeleniumLibrary" name="Capture Page Screenshot">
       <doc>
        Takes a screenshot of the current page and embeds it into a log file.
       </doc>
       <msg html="true" level="INFO" timestamp="20240716 08:12:22.075">
        &lt;/td&gt;&lt;/tr&gt;&lt;tr&gt;&lt;td colspan="3"&gt;&lt;a href="0-selenium-screenshot-1.png"&gt;&lt;img src="0-selenium-screenshot-1.png" width="800px"&gt;&lt;/a&gt;
       </msg>
       <status endtime="20240716 08:12:22.075" starttime="20240716 08:12:21.949" status="PASS"/>
      </kw>
      <msg level="FAIL" timestamp="20240716 08:12:22.075">
       ElementClickInterceptedException: Message: element click intercepted: Element &lt;button class="MuiButtonBase-root MuiButton-root MuiButton-contained MuiButton-containedPrimary MuiButton-sizeMedium MuiButton-containedSizeMedium MuiButton-colorPrimary Mui-disabled MuiButton-root MuiButton-contained MuiButton-containedPrimary MuiButton-sizeMedium MuiButton-containedSizeMedium MuiButton-colorPrimary jss128 css-c3k44h" tabindex="-1" type="button" disabled=""&gt;...&lt;/button&gt; is not clickable at point (1785, 853). Other element would receive the click: &lt;span sx="[object Object]" class=""&gt;...&lt;/span&gt;
  (Session info: chrome=126.0.6478.127)
Stacktrace:
	GetHandleVerifier [0x00007FF6FB2A3E42+31618]
	(No symbol) [0x00007FF6FB21B0A9]
	(No symbol) [0x00007FF6FB0D888A]
	(No symbol) [0x00007FF6FB13022E]
	(No symbol) [0x00007FF6FB12DBE2]
	(No symbol) [0x00007FF6FB12B07B]
	(No symbol) [0x00007FF6FB12A246]
	(No symbol) [0x00007FF6FB11C281]
	(No symbol) [0x00007FF6FB14D10A]
	(No symbol) [0x00007FF6FB11BBA6]
	(No symbol) [0x00007FF6FB14D320]
	(No symbol) [0x00007FF6FB16CA80]
	(No symbol) [0x00007FF6FB14CEB3]
	(No symbol) [0x00007FF6FB11A46B]
	(No symbol) [0x00007FF6FB11B001]
	GetHandleVerifier [0x00007FF6FB5AA01D+3202397]
	GetHandleVerifier [0x00007FF6FB5F6A3D+3516285]
	GetHandleVerifier [0x00007FF6FB5EC4B0+3473904]
	GetHandleVerifier [0x00007FF6FB355D46+760454]
	(No symbol) [0x00007FF6FB226B4F]
	(No symbol) [0x00007FF6FB221CE4]
	(No symbol) [0x00007FF6FB221E72]
	(No symbol) [0x00007FF6FB21121F]
	BaseThreadInitThunk [0x00007FF8D52F4DE0+16]
	RtlUserThreadStart [0x00007FF8D5BDEDAB+43]
      </msg>
      <status endtime="20240716 08:12:22.079" starttime="20240716 08:12:20.875" status="FAIL"/>
     </kw>
     <kw library="BuiltIn" name="Sleep">
      <arg>
       5
      </arg>
      <doc>
       Pauses the test executed for the given time.
      </doc>
      <status endtime="20240716 08:12:22.080" starttime="20240716 08:12:22.079" status="NOT RUN"/>
     </kw>
     <kw library="SeleniumLibrary" name="Click Element">
      <arg>
       xpath://button[text()='Create']
      </arg>
      <doc>
       Click the element identified by ``locator``.
      </doc>
      <status endtime="20240716 08:12:22.080" starttime="20240716 08:12:22.080" status="NOT RUN"/>
     </kw>
     <kw library="BuiltIn" name="Sleep">
      <arg>
       9
      </arg>
      <doc>
       Pauses the test executed for the given time.
      </doc>
      <status endtime="20240716 08:12:22.080" starttime="20240716 08:12:22.080" status="NOT RUN"/>
     </kw>
     <status endtime="20240716 08:12:22.081" starttime="20240716 08:11:56.164" status="FAIL"/>
    </kw>
    <kw library="Role_configuration" name="Provisioning the role">
     <status endtime="20240716 08:12:22.081" starttime="20240716 08:12:22.081" status="NOT RUN"/>
    </kw>
    <kw library="Role_configuration" name="View the role">
     <status endtime="20240716 08:12:22.081" starttime="20240716 08:12:22.081" status="NOT RUN"/>
    </kw>
    <kw library="Role_configuration" name="Edit the role">
     <status endtime="20240716 08:12:22.081" starttime="20240716 08:12:22.081" status="NOT RUN"/>
    </kw>
    <kw library="Role_configuration" name="Delete the role">
     <status endtime="20240716 08:12:22.081" starttime="20240716 08:12:22.081" status="NOT RUN"/>
    </kw>
    <tag>
     role_configuration1
    </tag>
    <status endtime="20240716 08:12:22.082" starttime="20240716 08:11:56.164" status="FAIL">
     ElementClickInterceptedException: Message: element click intercepted: Element &lt;button class="MuiButtonBase-root MuiButton-root MuiButton-contained MuiButton-containedPrimary MuiButton-sizeMedium MuiButton-containedSizeMedium MuiButton-colorPrimary Mui-disabled MuiButton-root MuiButton-contained MuiButton-containedPrimary MuiButton-sizeMedium MuiButton-containedSizeMedium MuiButton-colorPrimary jss128 css-c3k44h" tabindex="-1" type="button" disabled=""&gt;...&lt;/button&gt; is not clickable at point (1785, 853). Other element would receive the click: &lt;span sx="[object Object]" class=""&gt;...&lt;/span&gt;
  (Session info: chrome=126.0.6478.127)
Stacktrace:
	GetHandleVerifier [0x00007FF6FB2A3E42+31618]
	(No symbol) [0x00007FF6FB21B0A9]
	(No symbol) [0x00007FF6FB0D888A]
	(No symbol) [0x00007FF6FB13022E]
	(No symbol) [0x00007FF6FB12DBE2]
	(No symbol) [0x00007FF6FB12B07B]
	(No symbol) [0x00007FF6FB12A246]
	(No symbol) [0x00007FF6FB11C281]
	(No symbol) [0x00007FF6FB14D10A]
	(No symbol) [0x00007FF6FB11BBA6]
	(No symbol) [0x00007FF6FB14D320]
	(No symbol) [0x00007FF6FB16CA80]
	(No symbol) [0x00007FF6FB14CEB3]
	(No symbol) [0x00007FF6FB11A46B]
	(No symbol) [0x00007FF6FB11B001]
	GetHandleVerifier [0x00007FF6FB5AA01D+3202397]
	GetHandleVerifier [0x00007FF6FB5F6A3D+3516285]
	GetHandleVerifier [0x00007FF6FB5EC4B0+3473904]
	GetHandleVerifier [0x00007FF6FB355D46+760454]
	(No symbol) [0x00007FF6FB226B4F]
	(No symbol) [0x00007FF6FB221CE4]
	(No symbol) [0x00007FF6FB221E72]
	(No symbol) [0x00007FF6FB21121F]
	BaseThreadInitThunk [0x00007FF8D52F4DE0+16]
	RtlUserThreadStart [0x00007FF8D5BDEDAB+43]
    </status>
   </test>
   <test id="s1-s1-t4" line="19" name="Finish TestCase">
    <kw library="Role_configuration" name="Finish TestCase">
     <kw library="SeleniumLibrary" name="Close All Browsers">
      <doc>
       Closes all open browsers and resets the browser cache.
      </doc>
      <status endtime="20240716 08:12:24.266" starttime="20240716 08:12:22.083" status="PASS"/>
     </kw>
     <status endtime="20240716 08:12:24.266" starttime="20240716 08:12:22.083" status="PASS"/>
    </kw>
    <tag>
     role_configuration1
    </tag>
    <status endtime="20240716 08:12:24.266" starttime="20240716 08:12:22.082" status="PASS"/>
   </test>
   <status endtime="20240716 08:12:24.266" starttime="20240716 08:11:05.213" status="FAIL"/>
  </suite>
  <doc>
   Testing functionality through Robot Framework
  </doc>
  <meta name="environment">
   Dev
  </meta>
  <meta name="test_browser_name">
   chrome
  </meta>
  <meta name="test_browser_version">
   126.0.6478.127
  </meta>
  <meta name="test_driver_version">
   126.0.6478.62
  </meta>
  <meta name="test_environment">
   Dev
  </meta>
  <meta name="test_freeze_dependencies">
   astroid==3.2.2,attrs==23.2.0,beautifulsoup4==4.12.3,bs4==0.0.2,certifi==2024.6.2,cffi==1.16.0,chardet==5.2.0,charset-normalizer==3.3.2,click==8.1.7,colorama==0.4.6,cryptography==42.0.8,defusedxml==0.7.1,dill==0.3.8,docutils==0.21.2,exceptiongroup==1.2.1,gitdb==4.0.11,GitPython==3.1.43,h11==0.14.0,idna==3.7,isort==5.13.2,Jinja2==3.1.4,jira==3.8.0,jsonpath-ng==1.6.1,jsonschema==4.22.0,jsonschema-specifications==2023.12.1,lazy-object-proxy==1.10.0,lxml==5.2.2,markdown-it-py==3.0.0,MarkupSafe==2.1.5,mccabe==0.7.0,mdurl==0.1.2,natsort==8.4.0,oauthlib==3.2.2,outcome==1.3.0.post0,packaging==24.1,pathspec==0.11.2,pillow==10.4.0,pip==24.1.1,platformdirs==4.2.2,ply==3.11,pycparser==2.22,Pygments==2.18.0,pylint==3.2.5,PySocks==1.7.1,pywin32==306,PyYAML==6.0.1,referencing==0.35.1,requests==2.32.3,requests-oauthlib==2.0.0,requests-toolbelt==1.0.0,rich==13.7.1,rich-click==1.6.1,robotframework==6.0.2,robotframework-datadriver==1.9.0,robotframework-jsonlibrary==0.5,robotframework-pabot==2.16.0,robotframework-pythonlibcore==4.2.0,robotframework-requests==0.9.2,robotframework-sapguilibrary==1.1,robotframework-seleniumlibrary==5.1.3,robotframework-stacktrace==0.4.1,robotframework-tidy==4.5.0,rpds-py==0.18.1,selenium==4.9.1,setuptools==70.2.0,smmap==5.0.1,sniffio==1.3.1,sortedcontainers==2.4.0,soupsieve==2.5,tomli==2.0.1,tomlkit==0.12.5,trio==0.25.1,trio-websocket==0.11.1,typing_extensions==4.12.2,urllib3==2.2.2,wheel==0.43.0,wrapt==1.16.0,wsproto==1.2.0
  </meta>
  <status endtime="20240716 08:12:24.330" starttime="20240716 08:11:01.813" status="FAIL"/>
 </suite>
 <statistics>
  <total>
   <stat fail="1" pass="3" skip="0">
    All Tests
   </stat>
  </total>
  <tag>
   <stat fail="1" pass="3" skip="0">
    role_configuration1
   </stat>
  </tag>
  <suite>
   <stat fail="1" id="s1" name="Tests" pass="3" skip="0">
    Tests
   </stat>
   <stat fail="1" id="s1-s1" name="Test Role configuration" pass="3" skip="0">
    Tests.Test Role configuration
   </stat>
  </suite>
 </statistics>
 <errors>
 </errors>
</robot>
