<?xml version="1.0" encoding="UTF-8"?>
<robot generator="Robot 6.0.2 (Python 3.12.1 on win32)" generated="20240716 07:43:49.217" rpa="false" schemaversion="3">
<suite id="s1" name="Tests" source="C:\Anugal_Testing\Anugal\Tests">
<kw name="Setup highest level suite" type="SETUP">
<kw name="Set Variable" library="BuiltIn">
<var>${d.test_server}</var>
<arg>${test_server}</arg>
<doc>Returns the given values which can then be assigned to a variables.</doc>
<msg timestamp="20240716 07:43:57.428" level="INFO">${d.test_server} = Dev</msg>
<status status="PASS" starttime="20240716 07:43:57.428" endtime="20240716 07:43:57.428"/>
</kw>
<kw name="Reset screenshot count variable" library="Support">
<kw name="Set Variable" library="BuiltIn">
<var>${screenshotCount}</var>
<arg>${PABOTQUEUEINDEX}_1</arg>
<doc>Returns the given values which can then be assigned to a variables.</doc>
<msg timestamp="20240716 07:43:57.430" level="INFO">${screenshotCount} = 0_1</msg>
<status status="PASS" starttime="20240716 07:43:57.430" endtime="20240716 07:43:57.430"/>
</kw>
<kw name="Set Global Variable" library="BuiltIn">
<arg>${screenshotCount}</arg>
<doc>Makes a variable available globally in all tests and suites.</doc>
<msg timestamp="20240716 07:43:57.430" level="INFO">${screenshotCount} = 0_1</msg>
<status status="PASS" starttime="20240716 07:43:57.430" endtime="20240716 07:43:57.430"/>
</kw>
<kw name="Set up screenshot directory" library="Support">
<kw name="Create Directory" library="OperatingSystem">
<arg>${OUTPUTDIR}${/}${wvar('screenshot_dir')}</arg>
<doc>Creates the specified directory.</doc>
<msg timestamp="20240716 07:43:57.430" level="INFO">Web.Dev.screenshot_dir: Screenshot</msg>
<msg timestamp="20240716 07:43:57.430" level="INFO" html="true">Created directory '&lt;a href="file://C:\Anugal_Testing\Anugal\Output\0ef31caa-a325-4599-bc34-39d28b39e4bd\pabot_results\0\Screenshot"&gt;C:\Anugal_Testing\Anugal\Output\0ef31caa-a325-4599-bc34-39d28b39e4bd\pabot_results\0\Screenshot&lt;/a&gt;'.</msg>
<status status="PASS" starttime="20240716 07:43:57.430" endtime="20240716 07:43:57.430"/>
</kw>
<status status="PASS" starttime="20240716 07:43:57.430" endtime="20240716 07:43:57.430"/>
</kw>
<status status="PASS" starttime="20240716 07:43:57.428" endtime="20240716 07:43:57.430"/>
</kw>
<kw name="Set Global Variable" library="BuiltIn">
<arg>${screenshot_taking}</arg>
<arg>${True}</arg>
<doc>Makes a variable available globally in all tests and suites.</doc>
<msg timestamp="20240716 07:43:57.430" level="INFO">${screenshot_taking} = True</msg>
<status status="PASS" starttime="20240716 07:43:57.430" endtime="20240716 07:43:57.430"/>
</kw>
<kw name="Setup linux execution" library="Support">
<kw name="Run Keyword And Return Status" library="BuiltIn">
<var>${web_test_check}</var>
<arg>Variable Should Exist</arg>
<arg>${web_test}</arg>
<doc>Runs the given keyword with given arguments and returns the status as a Boolean value.</doc>
<kw name="Variable Should Exist" library="BuiltIn">
<arg>${web_test}</arg>
<doc>Fails unless the given variable exists within the current scope.</doc>
<status status="PASS" starttime="20240716 07:43:57.430" endtime="20240716 07:43:57.430"/>
</kw>
<msg timestamp="20240716 07:43:57.439" level="INFO">${web_test_check} = True</msg>
<status status="PASS" starttime="20240716 07:43:57.430" endtime="20240716 07:43:57.439"/>
</kw>
<kw name="Run Keyword If" library="BuiltIn">
<arg>${web_test_check}</arg>
<arg>Setup Docker Execution Options</arg>
<doc>Runs the given keyword with the given arguments, if ``condition`` is true.</doc>
<kw name="Setup Docker Execution Options" library="Support_Web">
<kw name="Setup Suite Metadata" library="Support_Web">
<arg>${browser}</arg>
<kw name="Get Browser Metadata" library="BrowserSupport">
<var>&amp;{browser_information}</var>
<arg>browser=${browser}</arg>
<doc>Fetches browser metadata information
:param browser: Name of the browser for which information is fetched
:param reload: Re-read the metadata based on the browser
:return: Browser metadata information, dict of format
            {"browser_version": browser version value,
             "driver_version": driver version value}</doc>
<msg timestamp="20240716 07:44:04.896" level="INFO">&amp;{browser_information} = { browser_version=126.0.6478.127 | driver_version=126.0.6478.62  }</msg>
<status status="PASS" starttime="20240716 07:43:57.439" endtime="20240716 07:44:04.896"/>
</kw>
<kw name="Set Suite Metadata" library="BuiltIn">
<arg>test_browser_name</arg>
<arg>${browser}</arg>
<doc>Sets metadata for the current test suite.</doc>
<msg timestamp="20240716 07:44:04.896" level="INFO">Set suite metadata 'test_browser_name' to value 'chrome'.</msg>
<status status="PASS" starttime="20240716 07:44:04.896" endtime="20240716 07:44:04.896"/>
</kw>
<kw name="Set Suite Metadata" library="BuiltIn">
<arg>test_browser_version</arg>
<arg>${browser_information.browser_version}</arg>
<doc>Sets metadata for the current test suite.</doc>
<msg timestamp="20240716 07:44:04.896" level="INFO">Set suite metadata 'test_browser_version' to value '126.0.6478.127'.</msg>
<status status="PASS" starttime="20240716 07:44:04.896" endtime="20240716 07:44:04.896"/>
</kw>
<kw name="Set Suite Metadata" library="BuiltIn">
<arg>test_driver_version</arg>
<arg>${browser_information.driver_version}</arg>
<doc>Sets metadata for the current test suite.</doc>
<msg timestamp="20240716 07:44:04.896" level="INFO">Set suite metadata 'test_driver_version' to value '126.0.6478.62 '.</msg>
<status status="PASS" starttime="20240716 07:44:04.896" endtime="20240716 07:44:04.896"/>
</kw>
<status status="PASS" starttime="20240716 07:43:57.439" endtime="20240716 07:44:04.896"/>
</kw>
<kw name="Setup Global Docker Execution Options" library="Support_Web">
<kw name="Set Global Variable" library="BuiltIn">
<arg>${global_browser_options}</arg>
<arg>None</arg>
<doc>Makes a variable available globally in all tests and suites.</doc>
<msg timestamp="20240716 07:44:04.896" level="INFO">${global_browser_options} = None</msg>
<status status="PASS" starttime="20240716 07:44:04.896" endtime="20240716 07:44:04.896"/>
</kw>
<kw name="Get Environment Variable" library="OperatingSystem">
<var>${docker_check}</var>
<arg>EXECUTION_ENVIRONMENT</arg>
<arg>not_found</arg>
<doc>Returns the value of an environment variable with the given name.</doc>
<msg timestamp="20240716 07:44:04.896" level="INFO">${docker_check} = not_found</msg>
<status status="PASS" starttime="20240716 07:44:04.896" endtime="20240716 07:44:04.896"/>
</kw>
<kw name="Run Keyword And Return If" library="BuiltIn">
<arg>"${docker_check}"!="docker"</arg>
<arg>Log</arg>
<arg>Not executing on Docker</arg>
<doc>Runs the specified keyword and returns from the enclosing user keyword.</doc>
<kw name="Log" library="BuiltIn">
<arg>Not executing on Docker</arg>
<doc>Logs the given message with the given level.</doc>
<msg timestamp="20240716 07:44:04.896" level="INFO">Not executing on Docker</msg>
<status status="PASS" starttime="20240716 07:44:04.896" endtime="20240716 07:44:04.896"/>
</kw>
<msg timestamp="20240716 07:44:04.896" level="INFO">Returning from the enclosing user keyword.</msg>
<status status="PASS" starttime="20240716 07:44:04.896" endtime="20240716 07:44:04.896"/>
</kw>
<kw name="Create List" library="BuiltIn">
<var>@{options}</var>
<arg>--headless</arg>
<arg>--no-sandbox</arg>
<arg>--disable-dev-shm-usage</arg>
<doc>Returns a list containing given items.</doc>
<status status="NOT RUN" starttime="20240716 07:44:04.896" endtime="20240716 07:44:04.896"/>
</kw>
<kw name="Set Global Variable" library="BuiltIn">
<arg>@{docker_options}</arg>
<arg>@{options}</arg>
<doc>Makes a variable available globally in all tests and suites.</doc>
<status status="NOT RUN" starttime="20240716 07:44:04.896" endtime="20240716 07:44:04.896"/>
</kw>
<status status="PASS" starttime="20240716 07:44:04.896" endtime="20240716 07:44:04.896"/>
</kw>
<kw name="Create Webdriver for chrome preferences" library="Support_Web">
<kw name="Update Docker Execution Options" library="Support_Web">
<var>${list_prefs}</var>
<arg>${list_prefs}</arg>
<kw name="Run Keyword And Return Status" library="BuiltIn">
<var>${docker_check}</var>
<arg>Variable Should Exist</arg>
<arg>${docker_options}</arg>
<doc>Runs the given keyword with given arguments and returns the status as a Boolean value.</doc>
<kw name="Variable Should Exist" library="BuiltIn">
<arg>${docker_options}</arg>
<doc>Fails unless the given variable exists within the current scope.</doc>
<msg timestamp="20240716 07:44:04.896" level="FAIL">Variable '${docker_options}' does not exist.</msg>
<status status="FAIL" starttime="20240716 07:44:04.896" endtime="20240716 07:44:04.896"/>
</kw>
<msg timestamp="20240716 07:44:04.896" level="INFO">${docker_check} = False</msg>
<status status="PASS" starttime="20240716 07:44:04.896" endtime="20240716 07:44:04.896"/>
</kw>
<kw name="Get Length" library="BuiltIn">
<var>${list_prefs_length}</var>
<arg>${list_prefs}</arg>
<doc>Returns and logs the length of the given item as an integer.</doc>
<msg timestamp="20240716 07:44:04.896" level="INFO">Length is 1</msg>
<msg timestamp="20240716 07:44:04.896" level="INFO">${list_prefs_length} = 1</msg>
<status status="PASS" starttime="20240716 07:44:04.896" endtime="20240716 07:44:04.896"/>
</kw>
<kw name="Run Keyword If" library="BuiltIn">
<var>${list_prefs}</var>
<arg>${docker_check} and ${list_prefs_length}&gt;0 and ${list_prefs}[0] != []</arg>
<arg>Combine Lists</arg>
<arg>${list_prefs}</arg>
<arg>${docker_options}</arg>
<arg>ELSE IF</arg>
<arg>${docker_check}</arg>
<arg>Set Variable</arg>
<arg>${docker_options}</arg>
<arg>ELSE</arg>
<arg>Set Variable</arg>
<arg>${list_prefs}</arg>
<doc>Runs the given keyword with the given arguments, if ``condition`` is true.</doc>
<kw name="Set Variable" library="BuiltIn">
<arg>${list_prefs}</arg>
<doc>Returns the given values which can then be assigned to a variables.</doc>
<status status="PASS" starttime="20240716 07:44:04.896" endtime="20240716 07:44:04.896"/>
</kw>
<msg timestamp="20240716 07:44:04.896" level="INFO">${list_prefs} = [[]]</msg>
<status status="PASS" starttime="20240716 07:44:04.896" endtime="20240716 07:44:04.896"/>
</kw>
<msg timestamp="20240716 07:44:04.896" level="INFO">${list_prefs} = [[]]</msg>
<status status="PASS" starttime="20240716 07:44:04.896" endtime="20240716 07:44:04.896"/>
</kw>
<kw name="Create Chrome Options for download preferences" library="Support_Web">
<var>${chrome_options}</var>
<kw name="Evaluate" library="BuiltIn">
<var>${chrome_options}</var>
<arg>sys.modules['selenium.webdriver'].ChromeOptions()</arg>
<arg>sys</arg>
<doc>Evaluates the given expression in Python and returns the result.</doc>
<msg timestamp="20240716 07:44:04.896" level="INFO">${chrome_options} = &lt;selenium.webdriver.chrome.options.Options object at 0x0000025C28A8A3C0&gt;</msg>
<status status="PASS" starttime="20240716 07:44:04.896" endtime="20240716 07:44:04.896"/>
</kw>
<msg timestamp="20240716 07:44:04.896" level="INFO">${chrome_options} = &lt;selenium.webdriver.chrome.options.Options object at 0x0000025C28A8A3C0&gt;</msg>
<status status="PASS" starttime="20240716 07:44:04.896" endtime="20240716 07:44:04.896"/>
</kw>
<kw name="Update Preferences List" library="Support_Web">
<arg>${chrome_options}</arg>
<arg>@{list_prefs}</arg>
<kw name="Convert To String" library="BuiltIn">
<var>${string_prefs}</var>
<arg>${list_prefs}</arg>
<doc>Converts the given item to a Unicode string.</doc>
<msg timestamp="20240716 07:44:04.896" level="INFO">${string_prefs} = [[]]</msg>
<status status="PASS" starttime="20240716 07:44:04.896" endtime="20240716 07:44:04.896"/>
</kw>
<kw name="Return From Keyword If" library="BuiltIn">
<arg>${string_prefs} == [[]]</arg>
<doc>Returns from the enclosing user keyword if ``condition`` is true.</doc>
<msg timestamp="20240716 07:44:04.896" level="INFO">Returning from the enclosing user keyword.</msg>
<status status="PASS" starttime="20240716 07:44:04.896" endtime="20240716 07:44:04.896"/>
</kw>
<for flavor="IN">
<var>${preference}</var>
<value>@{list_prefs}</value>
<iter>
<var name="${preference}"/>
<kw name="Call Method" library="BuiltIn">
<arg>${chrome_options}</arg>
<arg>add_argument</arg>
<arg>${preference}</arg>
<doc>Calls the named method of the given object with the provided arguments.</doc>
<status status="NOT RUN" starttime="20240716 07:44:04.896" endtime="20240716 07:44:04.896"/>
</kw>
<status status="NOT RUN" starttime="20240716 07:44:04.896" endtime="20240716 07:44:04.896"/>
</iter>
<status status="NOT RUN" starttime="20240716 07:44:04.896" endtime="20240716 07:44:04.896"/>
</for>
<status status="PASS" starttime="20240716 07:44:04.896" endtime="20240716 07:44:04.896"/>
</kw>
<kw name="Call Method" library="BuiltIn">
<arg>${chrome_options}</arg>
<arg>add_experimental_option</arg>
<arg>prefs</arg>
<arg>${kw_prefs}</arg>
<doc>Calls the named method of the given object with the provided arguments.</doc>
<status status="PASS" starttime="20240716 07:44:04.896" endtime="20240716 07:44:04.896"/>
</kw>
<kw name="Set Global Variable" library="BuiltIn">
<arg>${global_browser_options}</arg>
<arg>${chrome options}</arg>
<doc>Makes a variable available globally in all tests and suites.</doc>
<msg timestamp="20240716 07:44:04.896" level="INFO">${global_browser_options} = &lt;selenium.webdriver.chrome.options.Options object at 0x0000025C28A8A3C0&gt;</msg>
<status status="PASS" starttime="20240716 07:44:04.896" endtime="20240716 07:44:04.896"/>
</kw>
<status status="PASS" starttime="20240716 07:44:04.896" endtime="20240716 07:44:04.911"/>
</kw>
<status status="PASS" starttime="20240716 07:43:57.439" endtime="20240716 07:44:04.911"/>
</kw>
<status status="PASS" starttime="20240716 07:43:57.439" endtime="20240716 07:44:04.911"/>
</kw>
<status status="PASS" starttime="20240716 07:43:57.430" endtime="20240716 07:44:04.911"/>
</kw>
<kw name="Set Suite Metadata" library="BuiltIn">
<arg>environment</arg>
<arg>${test_server}</arg>
<doc>Sets metadata for the current test suite.</doc>
<msg timestamp="20240716 07:44:04.911" level="INFO">Set suite metadata 'environment' to value 'Dev'.</msg>
<status status="PASS" starttime="20240716 07:44:04.911" endtime="20240716 07:44:04.911"/>
</kw>
<status status="PASS" starttime="20240716 07:43:57.428" endtime="20240716 07:44:04.911"/>
</kw>
<suite id="s1-s1" name="Test Role configuration" source="C:\Anugal_Testing\Anugal\Tests\Test Role configuration.robot">
<test id="s1-s1-t1" name="Start TestCase" line="6">
<kw name="Start TestCase" library="Role configuration">
<kw name="Log" library="BuiltIn">
<arg>Opening browser</arg>
<doc>Logs the given message with the given level.</doc>
<msg timestamp="20240716 07:44:04.924" level="INFO">Opening browser</msg>
<status status="PASS" starttime="20240716 07:44:04.924" endtime="20240716 07:44:04.924"/>
</kw>
<kw name="Open Browser" library="SeleniumLibrary">
<arg>${angvar('url')}</arg>
<arg>${angvar('browser')}</arg>
<doc>Opens a new browser instance to the optional ``url``.</doc>
<msg timestamp="20240716 07:44:04.924" level="INFO">Ang.Dev.url: https://dev.anugalid.com/login</msg>
<msg timestamp="20240716 07:44:04.924" level="INFO">Ang.Dev.browser: Chrome</msg>
<msg timestamp="20240716 07:44:04.927" level="INFO">Opening browser 'Chrome' to base url 'https://dev.anugalid.com/login'.</msg>
<status status="PASS" starttime="20240716 07:44:04.924" endtime="20240716 07:44:08.583"/>
</kw>
<status status="PASS" starttime="20240716 07:44:04.922" endtime="20240716 07:44:08.584"/>
</kw>
<tag>role_configuration</tag>
<status status="PASS" starttime="20240716 07:44:04.922" endtime="20240716 07:44:08.584"/>
</test>
<test id="s1-s1-t2" name="Submit Anugal username and password" line="9">
<kw name="Submit Anugal username and password" library="Role configuration">
<kw name="Wait Until Element Is Visible" library="SeleniumLibrary">
<arg>${angvar('user_text_box')}</arg>
<doc>Waits until the element ``locator`` is visible.</doc>
<msg timestamp="20240716 07:44:08.596" level="INFO">Ang.Dev.user_text_box: id:emailId</msg>
<status status="PASS" starttime="20240716 07:44:08.594" endtime="20240716 07:44:08.814"/>
</kw>
<kw name="Sleep" library="BuiltIn">
<arg>10</arg>
<doc>Pauses the test executed for the given time.</doc>
<msg timestamp="20240716 07:44:18.815" level="INFO">Slept 10 seconds</msg>
<status status="PASS" starttime="20240716 07:44:08.814" endtime="20240716 07:44:18.815"/>
</kw>
<kw name="Click Element" library="SeleniumLibrary">
<arg>xpath:(//div[@class='MuiStack-root css-1ed5314']//button)[2]</arg>
<doc>Click the element identified by ``locator``.</doc>
<msg timestamp="20240716 07:44:18.816" level="INFO">Clicking element 'xpath:(//div[@class='MuiStack-root css-1ed5314']//button)[2]'.</msg>
<status status="PASS" starttime="20240716 07:44:18.815" endtime="20240716 07:44:19.236"/>
</kw>
<kw name="Sleep" library="BuiltIn">
<arg>5</arg>
<doc>Pauses the test executed for the given time.</doc>
<msg timestamp="20240716 07:44:24.237" level="INFO">Slept 5 seconds</msg>
<status status="PASS" starttime="20240716 07:44:19.237" endtime="20240716 07:44:24.237"/>
</kw>
<kw name="Input Text" library="SeleniumLibrary">
<arg>xpath://*[@id="i0116"]</arg>
<arg>malayranjan.s@basiscloudsolutions.com</arg>
<doc>Types the given ``text`` into the text field identified by ``locator``.</doc>
<msg timestamp="20240716 07:44:24.237" level="INFO">Typing text 'malayranjan.s@basiscloudsolutions.com' into text field 'xpath://*[@id="i0116"]'.</msg>
<status status="PASS" starttime="20240716 07:44:24.237" endtime="20240716 07:44:24.371"/>
</kw>
<kw name="Sleep" library="BuiltIn">
<arg>3</arg>
<doc>Pauses the test executed for the given time.</doc>
<msg timestamp="20240716 07:44:27.373" level="INFO">Slept 3 seconds</msg>
<status status="PASS" starttime="20240716 07:44:24.371" endtime="20240716 07:44:27.373"/>
</kw>
<kw name="Click Element" library="SeleniumLibrary">
<arg>xpath://*[@id="idSIButton9"]</arg>
<doc>Click the element identified by ``locator``.</doc>
<msg timestamp="20240716 07:44:27.374" level="INFO">Clicking element 'xpath://*[@id="idSIButton9"]'.</msg>
<status status="PASS" starttime="20240716 07:44:27.373" endtime="20240716 07:44:27.427"/>
</kw>
<kw name="Wait Until Element Is Visible" library="SeleniumLibrary">
<arg>xpath://*[@id="i0118"]</arg>
<arg>60s</arg>
<doc>Waits until the element ``locator`` is visible.</doc>
<status status="PASS" starttime="20240716 07:44:27.427" endtime="20240716 07:44:28.322"/>
</kw>
<kw name="Input Text" library="SeleniumLibrary">
<arg>xpath://*[@id="i0118"]</arg>
<arg>Malay@Ranjan!@#</arg>
<doc>Types the given ``text`` into the text field identified by ``locator``.</doc>
<msg timestamp="20240716 07:44:28.323" level="INFO">Typing text 'Malay@Ranjan!@#' into text field 'xpath://*[@id="i0118"]'.</msg>
<status status="PASS" starttime="20240716 07:44:28.322" endtime="20240716 07:44:28.392"/>
</kw>
<kw name="Click Element" library="SeleniumLibrary">
<arg>xpath://*[@id="idSIButton9"]</arg>
<doc>Click the element identified by ``locator``.</doc>
<msg timestamp="20240716 07:44:28.393" level="INFO">Clicking element 'xpath://*[@id="idSIButton9"]'.</msg>
<status status="PASS" starttime="20240716 07:44:28.392" endtime="20240716 07:44:28.934"/>
</kw>
<kw name="Sleep" library="BuiltIn">
<arg>2</arg>
<doc>Pauses the test executed for the given time.</doc>
<msg timestamp="20240716 07:44:30.936" level="INFO">Slept 2 seconds</msg>
<status status="PASS" starttime="20240716 07:44:28.935" endtime="20240716 07:44:30.936"/>
</kw>
<kw name="Click Element" library="SeleniumLibrary">
<arg>xpath://*[@id="idBtn_Back"]</arg>
<doc>Click the element identified by ``locator``.</doc>
<msg timestamp="20240716 07:44:30.937" level="INFO">Clicking element 'xpath://*[@id="idBtn_Back"]'.</msg>
<status status="PASS" starttime="20240716 07:44:30.936" endtime="20240716 07:44:32.893"/>
</kw>
<kw name="Sleep" library="BuiltIn">
<arg>5</arg>
<doc>Pauses the test executed for the given time.</doc>
<msg timestamp="20240716 07:44:37.895" level="INFO">Slept 5 seconds</msg>
<status status="PASS" starttime="20240716 07:44:32.894" endtime="20240716 07:44:37.895"/>
</kw>
<kw name="Maximize Browser Window" library="SeleniumLibrary">
<doc>Maximizes current browser window.</doc>
<status status="PASS" starttime="20240716 07:44:37.895" endtime="20240716 07:44:37.932"/>
</kw>
<kw name="Sleep" library="BuiltIn">
<arg>20</arg>
<doc>Pauses the test executed for the given time.</doc>
<msg timestamp="20240716 07:44:57.934" level="INFO">Slept 20 seconds</msg>
<status status="PASS" starttime="20240716 07:44:37.933" endtime="20240716 07:44:57.934"/>
</kw>
<status status="PASS" starttime="20240716 07:44:08.593" endtime="20240716 07:44:57.934"/>
</kw>
<tag>role_configuration</tag>
<status status="PASS" starttime="20240716 07:44:08.585" endtime="20240716 07:44:57.934"/>
</test>
<test id="s1-s1-t3" name="Role_configuartion" line="12">
<kw name="Role_configuartion" library="Role configuration">
<kw name="Click Element" library="SeleniumLibrary">
<arg>xpath://span[text()='Admin']</arg>
<doc>Click the element identified by ``locator``.</doc>
<msg timestamp="20240716 07:44:57.934" level="INFO">Clicking element 'xpath://span[text()='Admin']'.</msg>
<status status="PASS" starttime="20240716 07:44:57.934" endtime="20240716 07:44:58.127"/>
</kw>
<kw name="Sleep" library="BuiltIn">
<arg>5</arg>
<doc>Pauses the test executed for the given time.</doc>
<msg timestamp="20240716 07:45:03.128" level="INFO">Slept 5 seconds</msg>
<status status="PASS" starttime="20240716 07:44:58.127" endtime="20240716 07:45:03.128"/>
</kw>
<kw name="Click Element" library="SeleniumLibrary">
<arg>xpath://div[text()='Role Configuration']</arg>
<doc>Click the element identified by ``locator``.</doc>
<msg timestamp="20240716 07:45:03.129" level="INFO">Clicking element 'xpath://div[text()='Role Configuration']'.</msg>
<status status="PASS" starttime="20240716 07:45:03.128" endtime="20240716 07:45:03.291"/>
</kw>
<kw name="Sleep" library="BuiltIn">
<arg>5</arg>
<doc>Pauses the test executed for the given time.</doc>
<msg timestamp="20240716 07:45:08.292" level="INFO">Slept 5 seconds</msg>
<status status="PASS" starttime="20240716 07:45:03.292" endtime="20240716 07:45:08.292"/>
</kw>
<kw name="Click Element" library="SeleniumLibrary">
<arg>xpath://button[text()='Create New Role']</arg>
<doc>Click the element identified by ``locator``.</doc>
<msg timestamp="20240716 07:45:08.293" level="INFO">Clicking element 'xpath://button[text()='Create New Role']'.</msg>
<status status="PASS" starttime="20240716 07:45:08.292" endtime="20240716 07:45:08.574"/>
</kw>
<kw name="Sleep" library="BuiltIn">
<arg>2</arg>
<doc>Pauses the test executed for the given time.</doc>
<msg timestamp="20240716 07:45:10.574" level="INFO">Slept 2 seconds</msg>
<status status="PASS" starttime="20240716 07:45:08.574" endtime="20240716 07:45:10.574"/>
</kw>
<kw name="Input Text" library="SeleniumLibrary">
<arg>id:roleConfigName</arg>
<arg>Anugal@123</arg>
<doc>Types the given ``text`` into the text field identified by ``locator``.</doc>
<msg timestamp="20240716 07:45:10.575" level="INFO">Typing text 'Anugal@123' into text field 'id:roleConfigName'.</msg>
<status status="PASS" starttime="20240716 07:45:10.574" endtime="20240716 07:45:11.843"/>
</kw>
<kw name="Sleep" library="BuiltIn">
<arg>1</arg>
<doc>Pauses the test executed for the given time.</doc>
<msg timestamp="20240716 07:45:12.845" level="INFO">Slept 1 second</msg>
<status status="PASS" starttime="20240716 07:45:11.844" endtime="20240716 07:45:12.845"/>
</kw>
<kw name="Input Text" library="SeleniumLibrary">
<arg>id:roleConfigDescription</arg>
<arg>Anugal@test</arg>
<doc>Types the given ``text`` into the text field identified by ``locator``.</doc>
<msg timestamp="20240716 07:45:12.846" level="INFO">Typing text 'Anugal@test' into text field 'id:roleConfigDescription'.</msg>
<status status="PASS" starttime="20240716 07:45:12.845" endtime="20240716 07:45:13.821"/>
</kw>
<kw name="Sleep" library="BuiltIn">
<arg>1</arg>
<doc>Pauses the test executed for the given time.</doc>
<msg timestamp="20240716 07:45:14.822" level="INFO">Slept 1 second</msg>
<status status="PASS" starttime="20240716 07:45:13.821" endtime="20240716 07:45:14.822"/>
</kw>
<kw name="Click Element" library="SeleniumLibrary">
<arg>name:User Administration</arg>
<doc>Click the element identified by ``locator``.</doc>
<msg timestamp="20240716 07:45:14.823" level="INFO">Clicking element 'name:User Administration'.</msg>
<status status="PASS" starttime="20240716 07:45:14.822" endtime="20240716 07:45:15.001"/>
</kw>
<kw name="Sleep" library="BuiltIn">
<arg>2</arg>
<doc>Pauses the test executed for the given time.</doc>
<msg timestamp="20240716 07:45:17.002" level="INFO">Slept 2 seconds</msg>
<status status="PASS" starttime="20240716 07:45:15.001" endtime="20240716 07:45:17.002"/>
</kw>
<kw name="Execute Javascript" library="SeleniumLibrary">
<arg>window.scrollTo(0,400)</arg>
<doc>Executes the given JavaScript code with possible arguments.</doc>
<msg timestamp="20240716 07:45:17.002" level="INFO">Executing JavaScript:
window.scrollTo(0,400)
Without any arguments.</msg>
<status status="PASS" starttime="20240716 07:45:17.002" endtime="20240716 07:45:17.012"/>
</kw>
<kw name="Sleep" library="BuiltIn">
<arg>2</arg>
<doc>Pauses the test executed for the given time.</doc>
<msg timestamp="20240716 07:45:19.012" level="INFO">Slept 2 seconds</msg>
<status status="PASS" starttime="20240716 07:45:17.012" endtime="20240716 07:45:19.012"/>
</kw>
<kw name="Click Element" library="SeleniumLibrary">
<arg>name:My Access</arg>
<doc>Click the element identified by ``locator``.</doc>
<msg timestamp="20240716 07:45:19.012" level="INFO">Clicking element 'name:My Access'.</msg>
<status status="PASS" starttime="20240716 07:45:19.012" endtime="20240716 07:45:19.139"/>
</kw>
<kw name="Sleep" library="BuiltIn">
<arg>2</arg>
<doc>Pauses the test executed for the given time.</doc>
<msg timestamp="20240716 07:45:21.139" level="INFO">Slept 2 seconds</msg>
<status status="PASS" starttime="20240716 07:45:19.139" endtime="20240716 07:45:21.139"/>
</kw>
<kw name="Click Element" library="SeleniumLibrary">
<arg>name:Status</arg>
<doc>Click the element identified by ``locator``.</doc>
<msg timestamp="20240716 07:45:21.139" level="INFO">Clicking element 'name:Status'.</msg>
<status status="PASS" starttime="20240716 07:45:21.139" endtime="20240716 07:45:21.262"/>
</kw>
<kw name="Sleep" library="BuiltIn">
<arg>2</arg>
<doc>Pauses the test executed for the given time.</doc>
<msg timestamp="20240716 07:45:23.263" level="INFO">Slept 2 seconds</msg>
<status status="PASS" starttime="20240716 07:45:21.262" endtime="20240716 07:45:23.263"/>
</kw>
<kw name="Click Element" library="SeleniumLibrary">
<arg>xpath://button[text()='Next']</arg>
<doc>Click the element identified by ``locator``.</doc>
<msg timestamp="20240716 07:45:23.264" level="INFO">Clicking element 'xpath://button[text()='Next']'.</msg>
<status status="PASS" starttime="20240716 07:45:23.263" endtime="20240716 07:45:23.331"/>
</kw>
<kw name="Sleep" library="BuiltIn">
<arg>5</arg>
<doc>Pauses the test executed for the given time.</doc>
<msg timestamp="20240716 07:45:28.332" level="INFO">Slept 5 seconds</msg>
<status status="PASS" starttime="20240716 07:45:23.332" endtime="20240716 07:45:28.332"/>
</kw>
<kw name="Click Element" library="SeleniumLibrary">
<arg>xpath://button[text()='Create']</arg>
<doc>Click the element identified by ``locator``.</doc>
<msg timestamp="20240716 07:45:28.333" level="INFO">Clicking element 'xpath://button[text()='Create']'.</msg>
<status status="PASS" starttime="20240716 07:45:28.332" endtime="20240716 07:45:28.394"/>
</kw>
<kw name="Sleep" library="BuiltIn">
<arg>9</arg>
<doc>Pauses the test executed for the given time.</doc>
<msg timestamp="20240716 07:45:37.395" level="INFO">Slept 9 seconds</msg>
<status status="PASS" starttime="20240716 07:45:28.394" endtime="20240716 07:45:37.395"/>
</kw>
<status status="PASS" starttime="20240716 07:44:57.934" endtime="20240716 07:45:37.396"/>
</kw>
<kw name="Provisioning the role" library="Role configuration">
<kw name="Click Element" library="SeleniumLibrary">
<arg>xpath:(//input[@type='checkbox'])[1]</arg>
<doc>Click the element identified by ``locator``.</doc>
<msg timestamp="20240716 07:45:37.397" level="INFO">Clicking element 'xpath:(//input[@type='checkbox'])[1]'.</msg>
<status status="PASS" starttime="20240716 07:45:37.397" endtime="20240716 07:45:37.787"/>
</kw>
<kw name="Sleep" library="BuiltIn">
<arg>2</arg>
<doc>Pauses the test executed for the given time.</doc>
<msg timestamp="20240716 07:45:39.787" level="INFO">Slept 2 seconds</msg>
<status status="PASS" starttime="20240716 07:45:37.787" endtime="20240716 07:45:39.787"/>
</kw>
<kw name="Click Element" library="SeleniumLibrary">
<arg>xpath://button[text()='Confirm']</arg>
<doc>Click the element identified by ``locator``.</doc>
<msg timestamp="20240716 07:45:39.788" level="INFO">Clicking element 'xpath://button[text()='Confirm']'.</msg>
<status status="PASS" starttime="20240716 07:45:39.787" endtime="20240716 07:45:39.957"/>
</kw>
<kw name="Sleep" library="BuiltIn">
<arg>5</arg>
<doc>Pauses the test executed for the given time.</doc>
<msg timestamp="20240716 07:45:44.958" level="INFO">Slept 5 seconds</msg>
<status status="PASS" starttime="20240716 07:45:39.957" endtime="20240716 07:45:44.958"/>
</kw>
<status status="PASS" starttime="20240716 07:45:37.396" endtime="20240716 07:45:44.958"/>
</kw>
<kw name="View the role" library="Role configuration">
<kw name="Click Element" library="SeleniumLibrary">
<arg>xpath:(//span[@aria-label='view'])[1]</arg>
<doc>Click the element identified by ``locator``.</doc>
<msg timestamp="20240716 07:45:44.959" level="INFO">Clicking element 'xpath:(//span[@aria-label='view'])[1]'.</msg>
<status status="PASS" starttime="20240716 07:45:44.958" endtime="20240716 07:45:45.141"/>
</kw>
<kw name="Sleep" library="BuiltIn">
<arg>2</arg>
<doc>Pauses the test executed for the given time.</doc>
<msg timestamp="20240716 07:45:47.143" level="INFO">Slept 2 seconds</msg>
<status status="PASS" starttime="20240716 07:45:45.142" endtime="20240716 07:45:47.143"/>
</kw>
<kw name="Click Element" library="SeleniumLibrary">
<arg>xpath:(//div[@role='button'])[1]</arg>
<doc>Click the element identified by ``locator``.</doc>
<msg timestamp="20240716 07:45:47.143" level="INFO">Clicking element 'xpath:(//div[@role='button'])[1]'.</msg>
<status status="PASS" starttime="20240716 07:45:47.143" endtime="20240716 07:45:47.202"/>
</kw>
<kw name="Sleep" library="BuiltIn">
<arg>2</arg>
<doc>Pauses the test executed for the given time.</doc>
<msg timestamp="20240716 07:45:49.202" level="INFO">Slept 2 seconds</msg>
<status status="PASS" starttime="20240716 07:45:47.202" endtime="20240716 07:45:49.202"/>
</kw>
<kw name="Click Element" library="SeleniumLibrary">
<arg>xpath:(//div[@role='button'])[2]</arg>
<doc>Click the element identified by ``locator``.</doc>
<msg timestamp="20240716 07:45:49.202" level="INFO">Clicking element 'xpath:(//div[@role='button'])[2]'.</msg>
<status status="PASS" starttime="20240716 07:45:49.202" endtime="20240716 07:45:49.252"/>
</kw>
<kw name="Sleep" library="BuiltIn">
<arg>2</arg>
<doc>Pauses the test executed for the given time.</doc>
<msg timestamp="20240716 07:45:51.253" level="INFO">Slept 2 seconds</msg>
<status status="PASS" starttime="20240716 07:45:49.252" endtime="20240716 07:45:51.253"/>
</kw>
<kw name="Click Element" library="SeleniumLibrary">
<arg>xpath://body/div[2]/div[3]/div[1]/div[1]</arg>
<doc>Click the element identified by ``locator``.</doc>
<msg timestamp="20240716 07:45:51.254" level="INFO">Clicking element 'xpath://body/div[2]/div[3]/div[1]/div[1]'.</msg>
<status status="PASS" starttime="20240716 07:45:51.253" endtime="20240716 07:45:51.353"/>
</kw>
<kw name="Sleep" library="BuiltIn">
<arg>2</arg>
<doc>Pauses the test executed for the given time.</doc>
<msg timestamp="20240716 07:45:53.354" level="INFO">Slept 2 seconds</msg>
<status status="PASS" starttime="20240716 07:45:51.353" endtime="20240716 07:45:53.354"/>
</kw>
<status status="PASS" starttime="20240716 07:45:44.958" endtime="20240716 07:45:53.354"/>
</kw>
<kw name="Edit the role" library="Role configuration">
<kw name="Click Element" library="SeleniumLibrary">
<arg>xpath:(//span[@aria-label='edit'])[1]</arg>
<doc>Click the element identified by ``locator``.</doc>
<msg timestamp="20240716 07:45:53.355" level="INFO">Clicking element 'xpath:(//span[@aria-label='edit'])[1]'.</msg>
<status status="PASS" starttime="20240716 07:45:53.355" endtime="20240716 07:45:53.617"/>
</kw>
<kw name="Sleep" library="BuiltIn">
<arg>5</arg>
<doc>Pauses the test executed for the given time.</doc>
<msg timestamp="20240716 07:45:58.618" level="INFO">Slept 5 seconds</msg>
<status status="PASS" starttime="20240716 07:45:53.617" endtime="20240716 07:45:58.618"/>
</kw>
<kw name="Click Element" library="SeleniumLibrary">
<arg>xpath:(//input[@name='approver'])[2]</arg>
<doc>Click the element identified by ``locator``.</doc>
<msg timestamp="20240716 07:45:58.618" level="INFO">Clicking element 'xpath:(//input[@name='approver'])[2]'.</msg>
<status status="PASS" starttime="20240716 07:45:58.618" endtime="20240716 07:45:58.768"/>
</kw>
<kw name="Sleep" library="BuiltIn">
<arg>2</arg>
<doc>Pauses the test executed for the given time.</doc>
<msg timestamp="20240716 07:46:00.770" level="INFO">Slept 2 seconds</msg>
<status status="PASS" starttime="20240716 07:45:58.769" endtime="20240716 07:46:00.770"/>
</kw>
<kw name="Click Element" library="SeleniumLibrary">
<arg>xpath://button[text()='Next']</arg>
<doc>Click the element identified by ``locator``.</doc>
<msg timestamp="20240716 07:46:00.771" level="INFO">Clicking element 'xpath://button[text()='Next']'.</msg>
<status status="PASS" starttime="20240716 07:46:00.770" endtime="20240716 07:46:00.830"/>
</kw>
<kw name="Sleep" library="BuiltIn">
<arg>2</arg>
<doc>Pauses the test executed for the given time.</doc>
<msg timestamp="20240716 07:46:02.831" level="INFO">Slept 2 seconds</msg>
<status status="PASS" starttime="20240716 07:46:00.830" endtime="20240716 07:46:02.831"/>
</kw>
<kw name="Click Element" library="SeleniumLibrary">
<arg>xpath://span[@sx='[object Object]']//button[1]</arg>
<doc>Click the element identified by ``locator``.</doc>
<msg timestamp="20240716 07:46:02.833" level="INFO">Clicking element 'xpath://span[@sx='[object Object]']//button[1]'.</msg>
<status status="PASS" starttime="20240716 07:46:02.831" endtime="20240716 07:46:02.893"/>
</kw>
<kw name="Sleep" library="BuiltIn">
<arg>8</arg>
<doc>Pauses the test executed for the given time.</doc>
<msg timestamp="20240716 07:46:10.894" level="INFO">Slept 8 seconds</msg>
<status status="PASS" starttime="20240716 07:46:02.893" endtime="20240716 07:46:10.894"/>
</kw>
<status status="PASS" starttime="20240716 07:45:53.354" endtime="20240716 07:46:10.894"/>
</kw>
<kw name="Delete the role" library="Role configuration">
<kw name="Click Element" library="SeleniumLibrary">
<arg>xpath:(//span[@aria-label='delete'])[1]</arg>
<doc>Click the element identified by ``locator``.</doc>
<msg timestamp="20240716 07:46:10.895" level="INFO">Clicking element 'xpath:(//span[@aria-label='delete'])[1]'.</msg>
<status status="PASS" starttime="20240716 07:46:10.894" endtime="20240716 07:46:11.202"/>
</kw>
<kw name="Sleep" library="BuiltIn">
<arg>2</arg>
<doc>Pauses the test executed for the given time.</doc>
<msg timestamp="20240716 07:46:13.203" level="INFO">Slept 2 seconds</msg>
<status status="PASS" starttime="20240716 07:46:11.202" endtime="20240716 07:46:13.203"/>
</kw>
<kw name="Input Text" library="SeleniumLibrary">
<arg>name:deleteRole</arg>
<arg>Anugal@123</arg>
<doc>Types the given ``text`` into the text field identified by ``locator``.</doc>
<msg timestamp="20240716 07:46:13.204" level="INFO">Typing text 'Anugal@123' into text field 'name:deleteRole'.</msg>
<status status="PASS" starttime="20240716 07:46:13.203" endtime="20240716 07:46:13.868"/>
</kw>
<kw name="Sleep" library="BuiltIn">
<arg>2</arg>
<doc>Pauses the test executed for the given time.</doc>
<msg timestamp="20240716 07:46:15.869" level="INFO">Slept 2 seconds</msg>
<status status="PASS" starttime="20240716 07:46:13.868" endtime="20240716 07:46:15.869"/>
</kw>
<kw name="Click Element" library="SeleniumLibrary">
<arg>xpath://button[text()='Delete']</arg>
<doc>Click the element identified by ``locator``.</doc>
<msg timestamp="20240716 07:46:15.870" level="INFO">Clicking element 'xpath://button[text()='Delete']'.</msg>
<status status="PASS" starttime="20240716 07:46:15.869" endtime="20240716 07:46:16.007"/>
</kw>
<kw name="Sleep" library="BuiltIn">
<arg>5</arg>
<doc>Pauses the test executed for the given time.</doc>
<msg timestamp="20240716 07:46:21.009" level="INFO">Slept 5 seconds</msg>
<status status="PASS" starttime="20240716 07:46:16.007" endtime="20240716 07:46:21.009"/>
</kw>
<status status="PASS" starttime="20240716 07:46:10.894" endtime="20240716 07:46:21.009"/>
</kw>
<tag>role_configuration</tag>
<status status="PASS" starttime="20240716 07:44:57.934" endtime="20240716 07:46:21.009"/>
</test>
<test id="s1-s1-t4" name="Finish TestCase" line="19">
<kw name="Finish TestCase" library="Role configuration">
<kw name="Close All Browsers" library="SeleniumLibrary">
<doc>Closes all open browsers and resets the browser cache.</doc>
<status status="PASS" starttime="20240716 07:46:21.009" endtime="20240716 07:46:27.272"/>
</kw>
<status status="PASS" starttime="20240716 07:46:21.009" endtime="20240716 07:46:27.272"/>
</kw>
<tag>role_configuration</tag>
<status status="PASS" starttime="20240716 07:46:21.009" endtime="20240716 07:46:27.272"/>
</test>
<status status="PASS" starttime="20240716 07:44:04.911" endtime="20240716 07:46:27.272"/>
</suite>
<suite id="s1-s2" name="TestRoleconfiguration" source="C:\Anugal_Testing\Anugal\Tests\TestRoleconfiguration.robot">
<test id="s1-s2-t1" name="Start TestCase" line="6">
<kw name="Start TestCase" library="Role configuration">
<kw name="Log" library="BuiltIn">
<arg>Opening browser</arg>
<doc>Logs the given message with the given level.</doc>
<msg timestamp="20240716 07:46:27.319" level="INFO">Opening browser</msg>
<status status="PASS" starttime="20240716 07:46:27.319" endtime="20240716 07:46:27.319"/>
</kw>
<kw name="Open Browser" library="SeleniumLibrary">
<arg>${angvar('url')}</arg>
<arg>${angvar('browser')}</arg>
<doc>Opens a new browser instance to the optional ``url``.</doc>
<msg timestamp="20240716 07:46:27.319" level="INFO">Ang.Dev.url: https://dev.anugalid.com/login</msg>
<msg timestamp="20240716 07:46:27.319" level="INFO">Ang.Dev.browser: Chrome</msg>
<msg timestamp="20240716 07:46:27.319" level="INFO">Opening browser 'Chrome' to base url 'https://dev.anugalid.com/login'.</msg>
<status status="PASS" starttime="20240716 07:46:27.319" endtime="20240716 07:46:30.138"/>
</kw>
<status status="PASS" starttime="20240716 07:46:27.319" endtime="20240716 07:46:30.138"/>
</kw>
<tag>role_configuration</tag>
<status status="PASS" starttime="20240716 07:46:27.319" endtime="20240716 07:46:30.138"/>
</test>
<test id="s1-s2-t2" name="Submit Anugal username and password" line="9">
<kw name="Submit Anugal username and password" library="Role configuration">
<kw name="Wait Until Element Is Visible" library="SeleniumLibrary">
<arg>${angvar('user_text_box')}</arg>
<doc>Waits until the element ``locator`` is visible.</doc>
<msg timestamp="20240716 07:46:30.141" level="INFO">Ang.Dev.user_text_box: id:emailId</msg>
<status status="PASS" starttime="20240716 07:46:30.140" endtime="20240716 07:46:30.240"/>
</kw>
<kw name="Sleep" library="BuiltIn">
<arg>10</arg>
<doc>Pauses the test executed for the given time.</doc>
<msg timestamp="20240716 07:46:40.240" level="INFO">Slept 10 seconds</msg>
<status status="PASS" starttime="20240716 07:46:30.240" endtime="20240716 07:46:40.240"/>
</kw>
<kw name="Click Element" library="SeleniumLibrary">
<arg>xpath:(//div[@class='MuiStack-root css-1ed5314']//button)[2]</arg>
<doc>Click the element identified by ``locator``.</doc>
<msg timestamp="20240716 07:46:40.243" level="INFO">Clicking element 'xpath:(//div[@class='MuiStack-root css-1ed5314']//button)[2]'.</msg>
<status status="PASS" starttime="20240716 07:46:40.240" endtime="20240716 07:46:40.435"/>
</kw>
<kw name="Sleep" library="BuiltIn">
<arg>5</arg>
<doc>Pauses the test executed for the given time.</doc>
<msg timestamp="20240716 07:46:45.436" level="INFO">Slept 5 seconds</msg>
<status status="PASS" starttime="20240716 07:46:40.435" endtime="20240716 07:46:45.436"/>
</kw>
<kw name="Input Text" library="SeleniumLibrary">
<arg>xpath://*[@id="i0116"]</arg>
<arg>malayranjan.s@basiscloudsolutions.com</arg>
<doc>Types the given ``text`` into the text field identified by ``locator``.</doc>
<msg timestamp="20240716 07:46:45.437" level="INFO">Typing text 'malayranjan.s@basiscloudsolutions.com' into text field 'xpath://*[@id="i0116"]'.</msg>
<status status="PASS" starttime="20240716 07:46:45.436" endtime="20240716 07:46:45.560"/>
</kw>
<kw name="Sleep" library="BuiltIn">
<arg>3</arg>
<doc>Pauses the test executed for the given time.</doc>
<msg timestamp="20240716 07:46:48.561" level="INFO">Slept 3 seconds</msg>
<status status="PASS" starttime="20240716 07:46:45.561" endtime="20240716 07:46:48.561"/>
</kw>
<kw name="Click Element" library="SeleniumLibrary">
<arg>xpath://*[@id="idSIButton9"]</arg>
<doc>Click the element identified by ``locator``.</doc>
<msg timestamp="20240716 07:46:48.562" level="INFO">Clicking element 'xpath://*[@id="idSIButton9"]'.</msg>
<status status="PASS" starttime="20240716 07:46:48.561" endtime="20240716 07:46:48.622"/>
</kw>
<kw name="Wait Until Element Is Visible" library="SeleniumLibrary">
<arg>xpath://*[@id="i0118"]</arg>
<arg>60s</arg>
<doc>Waits until the element ``locator`` is visible.</doc>
<status status="PASS" starttime="20240716 07:46:48.622" endtime="20240716 07:46:49.543"/>
</kw>
<kw name="Input Text" library="SeleniumLibrary">
<arg>xpath://*[@id="i0118"]</arg>
<arg>Malay@Ranjan!@#</arg>
<doc>Types the given ``text`` into the text field identified by ``locator``.</doc>
<msg timestamp="20240716 07:46:49.544" level="INFO">Typing text 'Malay@Ranjan!@#' into text field 'xpath://*[@id="i0118"]'.</msg>
<status status="PASS" starttime="20240716 07:46:49.543" endtime="20240716 07:46:49.618"/>
</kw>
<kw name="Click Element" library="SeleniumLibrary">
<arg>xpath://*[@id="idSIButton9"]</arg>
<doc>Click the element identified by ``locator``.</doc>
<msg timestamp="20240716 07:46:49.619" level="INFO">Clicking element 'xpath://*[@id="idSIButton9"]'.</msg>
<status status="PASS" starttime="20240716 07:46:49.618" endtime="20240716 07:46:50.168"/>
</kw>
<kw name="Sleep" library="BuiltIn">
<arg>2</arg>
<doc>Pauses the test executed for the given time.</doc>
<msg timestamp="20240716 07:46:52.170" level="INFO">Slept 2 seconds</msg>
<status status="PASS" starttime="20240716 07:46:50.168" endtime="20240716 07:46:52.170"/>
</kw>
<kw name="Click Element" library="SeleniumLibrary">
<arg>xpath://*[@id="idBtn_Back"]</arg>
<doc>Click the element identified by ``locator``.</doc>
<msg timestamp="20240716 07:46:52.171" level="INFO">Clicking element 'xpath://*[@id="idBtn_Back"]'.</msg>
<status status="PASS" starttime="20240716 07:46:52.170" endtime="20240716 07:46:53.998"/>
</kw>
<kw name="Sleep" library="BuiltIn">
<arg>5</arg>
<doc>Pauses the test executed for the given time.</doc>
<msg timestamp="20240716 07:46:59.000" level="INFO">Slept 5 seconds</msg>
<status status="PASS" starttime="20240716 07:46:53.998" endtime="20240716 07:46:59.000"/>
</kw>
<kw name="Maximize Browser Window" library="SeleniumLibrary">
<doc>Maximizes current browser window.</doc>
<status status="PASS" starttime="20240716 07:46:59.000" endtime="20240716 07:46:59.067"/>
</kw>
<kw name="Sleep" library="BuiltIn">
<arg>20</arg>
<doc>Pauses the test executed for the given time.</doc>
<msg timestamp="20240716 07:47:19.068" level="INFO">Slept 20 seconds</msg>
<status status="PASS" starttime="20240716 07:46:59.067" endtime="20240716 07:47:19.068"/>
</kw>
<status status="PASS" starttime="20240716 07:46:30.140" endtime="20240716 07:47:19.068"/>
</kw>
<tag>role_configuration</tag>
<status status="PASS" starttime="20240716 07:46:30.139" endtime="20240716 07:47:19.068"/>
</test>
<test id="s1-s2-t3" name="Role_configuartion" line="12">
<kw name="Role_configuartion" library="Role configuration">
<kw name="Click Element" library="SeleniumLibrary">
<arg>xpath://span[text()='Admin']</arg>
<doc>Click the element identified by ``locator``.</doc>
<msg timestamp="20240716 07:47:19.070" level="INFO">Clicking element 'xpath://span[text()='Admin']'.</msg>
<status status="PASS" starttime="20240716 07:47:19.070" endtime="20240716 07:47:19.222"/>
</kw>
<kw name="Sleep" library="BuiltIn">
<arg>5</arg>
<doc>Pauses the test executed for the given time.</doc>
<msg timestamp="20240716 07:47:24.224" level="INFO">Slept 5 seconds</msg>
<status status="PASS" starttime="20240716 07:47:19.222" endtime="20240716 07:47:24.224"/>
</kw>
<kw name="Click Element" library="SeleniumLibrary">
<arg>xpath://div[text()='Role Configuration']</arg>
<doc>Click the element identified by ``locator``.</doc>
<msg timestamp="20240716 07:47:24.225" level="INFO">Clicking element 'xpath://div[text()='Role Configuration']'.</msg>
<status status="PASS" starttime="20240716 07:47:24.224" endtime="20240716 07:47:24.393"/>
</kw>
<kw name="Sleep" library="BuiltIn">
<arg>5</arg>
<doc>Pauses the test executed for the given time.</doc>
<msg timestamp="20240716 07:47:29.395" level="INFO">Slept 5 seconds</msg>
<status status="PASS" starttime="20240716 07:47:24.394" endtime="20240716 07:47:29.395"/>
</kw>
<kw name="Click Element" library="SeleniumLibrary">
<arg>xpath://button[text()='Create New Role']</arg>
<doc>Click the element identified by ``locator``.</doc>
<msg timestamp="20240716 07:47:29.396" level="INFO">Clicking element 'xpath://button[text()='Create New Role']'.</msg>
<status status="PASS" starttime="20240716 07:47:29.395" endtime="20240716 07:47:29.702"/>
</kw>
<kw name="Sleep" library="BuiltIn">
<arg>2</arg>
<doc>Pauses the test executed for the given time.</doc>
<msg timestamp="20240716 07:47:31.703" level="INFO">Slept 2 seconds</msg>
<status status="PASS" starttime="20240716 07:47:29.703" endtime="20240716 07:47:31.703"/>
</kw>
<kw name="Input Text" library="SeleniumLibrary">
<arg>id:roleConfigName</arg>
<arg>Anugal@123</arg>
<doc>Types the given ``text`` into the text field identified by ``locator``.</doc>
<msg timestamp="20240716 07:47:31.704" level="INFO">Typing text 'Anugal@123' into text field 'id:roleConfigName'.</msg>
<status status="PASS" starttime="20240716 07:47:31.703" endtime="20240716 07:47:32.821"/>
</kw>
<kw name="Sleep" library="BuiltIn">
<arg>1</arg>
<doc>Pauses the test executed for the given time.</doc>
<msg timestamp="20240716 07:47:33.822" level="INFO">Slept 1 second</msg>
<status status="PASS" starttime="20240716 07:47:32.821" endtime="20240716 07:47:33.822"/>
</kw>
<kw name="Input Text" library="SeleniumLibrary">
<arg>id:roleConfigDescription</arg>
<arg>Anugal@test</arg>
<doc>Types the given ``text`` into the text field identified by ``locator``.</doc>
<msg timestamp="20240716 07:47:33.822" level="INFO">Typing text 'Anugal@test' into text field 'id:roleConfigDescription'.</msg>
<status status="PASS" starttime="20240716 07:47:33.822" endtime="20240716 07:47:34.721"/>
</kw>
<kw name="Sleep" library="BuiltIn">
<arg>1</arg>
<doc>Pauses the test executed for the given time.</doc>
<msg timestamp="20240716 07:47:35.723" level="INFO">Slept 1 second</msg>
<status status="PASS" starttime="20240716 07:47:34.722" endtime="20240716 07:47:35.723"/>
</kw>
<kw name="Click Element" library="SeleniumLibrary">
<arg>name:User Administration</arg>
<doc>Click the element identified by ``locator``.</doc>
<msg timestamp="20240716 07:47:35.723" level="INFO">Clicking element 'name:User Administration'.</msg>
<status status="PASS" starttime="20240716 07:47:35.723" endtime="20240716 07:47:35.849"/>
</kw>
<kw name="Sleep" library="BuiltIn">
<arg>2</arg>
<doc>Pauses the test executed for the given time.</doc>
<msg timestamp="20240716 07:47:37.850" level="INFO">Slept 2 seconds</msg>
<status status="PASS" starttime="20240716 07:47:35.849" endtime="20240716 07:47:37.850"/>
</kw>
<kw name="Execute Javascript" library="SeleniumLibrary">
<arg>window.scrollTo(0,400)</arg>
<doc>Executes the given JavaScript code with possible arguments.</doc>
<msg timestamp="20240716 07:47:37.850" level="INFO">Executing JavaScript:
window.scrollTo(0,400)
Without any arguments.</msg>
<status status="PASS" starttime="20240716 07:47:37.850" endtime="20240716 07:47:37.861"/>
</kw>
<kw name="Sleep" library="BuiltIn">
<arg>2</arg>
<doc>Pauses the test executed for the given time.</doc>
<msg timestamp="20240716 07:47:39.861" level="INFO">Slept 2 seconds</msg>
<status status="PASS" starttime="20240716 07:47:37.861" endtime="20240716 07:47:39.861"/>
</kw>
<kw name="Click Element" library="SeleniumLibrary">
<arg>name:My Access</arg>
<doc>Click the element identified by ``locator``.</doc>
<msg timestamp="20240716 07:47:39.861" level="INFO">Clicking element 'name:My Access'.</msg>
<status status="PASS" starttime="20240716 07:47:39.861" endtime="20240716 07:47:39.979"/>
</kw>
<kw name="Sleep" library="BuiltIn">
<arg>2</arg>
<doc>Pauses the test executed for the given time.</doc>
<msg timestamp="20240716 07:47:41.980" level="INFO">Slept 2 seconds</msg>
<status status="PASS" starttime="20240716 07:47:39.980" endtime="20240716 07:47:41.980"/>
</kw>
<kw name="Click Element" library="SeleniumLibrary">
<arg>name:Status</arg>
<doc>Click the element identified by ``locator``.</doc>
<msg timestamp="20240716 07:47:41.980" level="INFO">Clicking element 'name:Status'.</msg>
<status status="PASS" starttime="20240716 07:47:41.980" endtime="20240716 07:47:42.107"/>
</kw>
<kw name="Sleep" library="BuiltIn">
<arg>2</arg>
<doc>Pauses the test executed for the given time.</doc>
<msg timestamp="20240716 07:47:44.107" level="INFO">Slept 2 seconds</msg>
<status status="PASS" starttime="20240716 07:47:42.107" endtime="20240716 07:47:44.107"/>
</kw>
<kw name="Click Element" library="SeleniumLibrary">
<arg>xpath://button[text()='Next']</arg>
<doc>Click the element identified by ``locator``.</doc>
<msg timestamp="20240716 07:47:44.108" level="INFO">Clicking element 'xpath://button[text()='Next']'.</msg>
<kw name="Capture Page Screenshot" library="SeleniumLibrary">
<doc>Takes a screenshot of the current page and embeds it into a log file.</doc>
<msg timestamp="20240716 07:47:45.319" level="INFO" html="true">&lt;/td&gt;&lt;/tr&gt;&lt;tr&gt;&lt;td colspan="3"&gt;&lt;a href="selenium-screenshot-1.png"&gt;&lt;img src="selenium-screenshot-1.png" width="800px"&gt;&lt;/a&gt;</msg>
<status status="PASS" starttime="20240716 07:47:45.202" endtime="20240716 07:47:45.319"/>
</kw>
<msg timestamp="20240716 07:47:45.319" level="FAIL">ElementClickInterceptedException: Message: element click intercepted: Element &lt;button class="MuiButtonBase-root MuiButton-root MuiButton-contained MuiButton-containedPrimary MuiButton-sizeMedium MuiButton-containedSizeMedium MuiButton-colorPrimary Mui-disabled MuiButton-root MuiButton-contained MuiButton-containedPrimary MuiButton-sizeMedium MuiButton-containedSizeMedium MuiButton-colorPrimary jss128 css-c3k44h" tabindex="-1" type="button" disabled=""&gt;...&lt;/button&gt; is not clickable at point (1785, 853). Other element would receive the click: &lt;span sx="[object Object]" class=""&gt;...&lt;/span&gt;
  (Session info: chrome=126.0.6478.127)
Stacktrace:
	GetHandleVerifier [0x00007FF6FB2A3E42+31618]
	(No symbol) [0x00007FF6FB21B0A9]
	(No symbol) [0x00007FF6FB0D888A]
	(No symbol) [0x00007FF6FB13022E]
	(No symbol) [0x00007FF6FB12DBE2]
	(No symbol) [0x00007FF6FB12B07B]
	(No symbol) [0x00007FF6FB12A246]
	(No symbol) [0x00007FF6FB11C281]
	(No symbol) [0x00007FF6FB14D10A]
	(No symbol) [0x00007FF6FB11BBA6]
	(No symbol) [0x00007FF6FB14D320]
	(No symbol) [0x00007FF6FB16CA80]
	(No symbol) [0x00007FF6FB14CEB3]
	(No symbol) [0x00007FF6FB11A46B]
	(No symbol) [0x00007FF6FB11B001]
	GetHandleVerifier [0x00007FF6FB5AA01D+3202397]
	GetHandleVerifier [0x00007FF6FB5F6A3D+3516285]
	GetHandleVerifier [0x00007FF6FB5EC4B0+3473904]
	GetHandleVerifier [0x00007FF6FB355D46+760454]
	(No symbol) [0x00007FF6FB226B4F]
	(No symbol) [0x00007FF6FB221CE4]
	(No symbol) [0x00007FF6FB221E72]
	(No symbol) [0x00007FF6FB21121F]
	BaseThreadInitThunk [0x00007FF8D52F4DE0+16]
	RtlUserThreadStart [0x00007FF8D5BDEDAB+43]
</msg>
<status status="FAIL" starttime="20240716 07:47:44.107" endtime="20240716 07:47:45.319"/>
</kw>
<kw name="Sleep" library="BuiltIn">
<arg>5</arg>
<doc>Pauses the test executed for the given time.</doc>
<status status="NOT RUN" starttime="20240716 07:47:45.319" endtime="20240716 07:47:45.319"/>
</kw>
<kw name="Click Element" library="SeleniumLibrary">
<arg>xpath://button[text()='Create']</arg>
<doc>Click the element identified by ``locator``.</doc>
<status status="NOT RUN" starttime="20240716 07:47:45.319" endtime="20240716 07:47:45.319"/>
</kw>
<kw name="Sleep" library="BuiltIn">
<arg>9</arg>
<doc>Pauses the test executed for the given time.</doc>
<status status="NOT RUN" starttime="20240716 07:47:45.319" endtime="20240716 07:47:45.319"/>
</kw>
<status status="FAIL" starttime="20240716 07:47:19.069" endtime="20240716 07:47:45.319"/>
</kw>
<kw name="Provisioning the role" library="Role configuration">
<status status="NOT RUN" starttime="20240716 07:47:45.335" endtime="20240716 07:47:45.335"/>
</kw>
<kw name="View the role" library="Role configuration">
<status status="NOT RUN" starttime="20240716 07:47:45.335" endtime="20240716 07:47:45.335"/>
</kw>
<kw name="Edit the role" library="Role configuration">
<status status="NOT RUN" starttime="20240716 07:47:45.335" endtime="20240716 07:47:45.335"/>
</kw>
<kw name="Delete the role" library="Role configuration">
<status status="NOT RUN" starttime="20240716 07:47:45.335" endtime="20240716 07:47:45.335"/>
</kw>
<tag>role_configuration</tag>
<status status="FAIL" starttime="20240716 07:47:19.069" endtime="20240716 07:47:45.335">ElementClickInterceptedException: Message: element click intercepted: Element &lt;button class="MuiButtonBase-root MuiButton-root MuiButton-contained MuiButton-containedPrimary MuiButton-sizeMedium MuiButton-containedSizeMedium MuiButton-colorPrimary Mui-disabled MuiButton-root MuiButton-contained MuiButton-containedPrimary MuiButton-sizeMedium MuiButton-containedSizeMedium MuiButton-colorPrimary jss128 css-c3k44h" tabindex="-1" type="button" disabled=""&gt;...&lt;/button&gt; is not clickable at point (1785, 853). Other element would receive the click: &lt;span sx="[object Object]" class=""&gt;...&lt;/span&gt;
  (Session info: chrome=126.0.6478.127)
Stacktrace:
	GetHandleVerifier [0x00007FF6FB2A3E42+31618]
	(No symbol) [0x00007FF6FB21B0A9]
	(No symbol) [0x00007FF6FB0D888A]
	(No symbol) [0x00007FF6FB13022E]
	(No symbol) [0x00007FF6FB12DBE2]
	(No symbol) [0x00007FF6FB12B07B]
	(No symbol) [0x00007FF6FB12A246]
	(No symbol) [0x00007FF6FB11C281]
	(No symbol) [0x00007FF6FB14D10A]
	(No symbol) [0x00007FF6FB11BBA6]
	(No symbol) [0x00007FF6FB14D320]
	(No symbol) [0x00007FF6FB16CA80]
	(No symbol) [0x00007FF6FB14CEB3]
	(No symbol) [0x00007FF6FB11A46B]
	(No symbol) [0x00007FF6FB11B001]
	GetHandleVerifier [0x00007FF6FB5AA01D+3202397]
	GetHandleVerifier [0x00007FF6FB5F6A3D+3516285]
	GetHandleVerifier [0x00007FF6FB5EC4B0+3473904]
	GetHandleVerifier [0x00007FF6FB355D46+760454]
	(No symbol) [0x00007FF6FB226B4F]
	(No symbol) [0x00007FF6FB221CE4]
	(No symbol) [0x00007FF6FB221E72]
	(No symbol) [0x00007FF6FB21121F]
	BaseThreadInitThunk [0x00007FF8D52F4DE0+16]
	RtlUserThreadStart [0x00007FF8D5BDEDAB+43]
</status>
</test>
<test id="s1-s2-t4" name="Finish TestCase" line="19">
<kw name="Finish TestCase" library="Role configuration">
<kw name="Close All Browsers" library="SeleniumLibrary">
<doc>Closes all open browsers and resets the browser cache.</doc>
<status status="PASS" starttime="20240716 07:47:45.335" endtime="20240716 07:47:47.536"/>
</kw>
<status status="PASS" starttime="20240716 07:47:45.335" endtime="20240716 07:47:47.536"/>
</kw>
<tag>role_configuration</tag>
<status status="PASS" starttime="20240716 07:47:45.335" endtime="20240716 07:47:47.536"/>
</test>
<status status="FAIL" starttime="20240716 07:46:27.319" endtime="20240716 07:47:47.536"/>
</suite>
<doc>Testing functionality through Robot Framework</doc>
<meta name="environment">Dev</meta>
<meta name="test_browser_name">chrome</meta>
<meta name="test_browser_version">126.0.6478.127</meta>
<meta name="test_driver_version">126.0.6478.62 </meta>
<meta name="test_environment">Dev</meta>
<meta name="test_freeze_dependencies">astroid==3.2.2,attrs==23.2.0,beautifulsoup4==4.12.3,bs4==0.0.2,certifi==2024.6.2,cffi==1.16.0,chardet==5.2.0,charset-normalizer==3.3.2,click==8.1.7,colorama==0.4.6,cryptography==42.0.8,defusedxml==0.7.1,dill==0.3.8,docutils==0.21.2,exceptiongroup==1.2.1,gitdb==4.0.11,GitPython==3.1.43,h11==0.14.0,idna==3.7,isort==5.13.2,Jinja2==3.1.4,jira==3.8.0,jsonpath-ng==1.6.1,jsonschema==4.22.0,jsonschema-specifications==2023.12.1,lazy-object-proxy==1.10.0,lxml==5.2.2,markdown-it-py==3.0.0,MarkupSafe==2.1.5,mccabe==0.7.0,mdurl==0.1.2,natsort==8.4.0,oauthlib==3.2.2,outcome==1.3.0.post0,packaging==24.1,pathspec==0.11.2,pillow==10.4.0,pip==24.1.1,platformdirs==4.2.2,ply==3.11,pycparser==2.22,Pygments==2.18.0,pylint==3.2.5,PySocks==1.7.1,pywin32==306,PyYAML==6.0.1,referencing==0.35.1,requests==2.32.3,requests-oauthlib==2.0.0,requests-toolbelt==1.0.0,rich==13.7.1,rich-click==1.6.1,robotframework==6.0.2,robotframework-datadriver==1.9.0,robotframework-jsonlibrary==0.5,robotframework-pabot==2.16.0,robotframework-pythonlibcore==4.2.0,robotframework-requests==0.9.2,robotframework-sapguilibrary==1.1,robotframework-seleniumlibrary==5.1.3,robotframework-stacktrace==0.4.1,robotframework-tidy==4.5.0,rpds-py==0.18.1,selenium==4.9.1,setuptools==70.2.0,smmap==5.0.1,sniffio==1.3.1,sortedcontainers==2.4.0,soupsieve==2.5,tomli==2.0.1,tomlkit==0.12.5,trio==0.25.1,trio-websocket==0.11.1,typing_extensions==4.12.2,urllib3==2.2.2,wheel==0.43.0,wrapt==1.16.0,wsproto==1.2.0</meta>
<status status="FAIL" starttime="20240716 07:43:52.112" endtime="20240716 07:47:47.583"/>
</suite>
<statistics>
<total>
<stat pass="7" fail="1" skip="0">All Tests</stat>
</total>
<tag>
<stat pass="7" fail="1" skip="0">role_configuration</stat>
</tag>
<suite>
<stat pass="7" fail="1" skip="0" id="s1" name="Tests">Tests</stat>
<stat pass="4" fail="0" skip="0" id="s1-s1" name="Test Role configuration">Tests.Test Role configuration</stat>
<stat pass="3" fail="1" skip="0" id="s1-s2" name="TestRoleconfiguration">Tests.TestRoleconfiguration</stat>
</suite>
</statistics>
<errors>
<msg timestamp="20240716 07:46:27.319" level="WARN">Multiple suites with name 'TestRoleconfiguration' executed in suite 'Tests'.</msg>
</errors>
</robot>
